#
# A fatal error has been detected by the Java Runtime Environment:
#
#  SIGSEGV (0xb) at pc=0x00007f90500011cc, pid=25507, tid=25528
#
# JRE version: OpenJDK Runtime Environment (9.0) (build 9-Ubuntu+0-9b181-4)
# Java VM: OpenJDK 64-Bit Server VM (9-Ubuntu+0-9b181-4, mixed mode, tiered, compressed oops, g1 gc, linux-amd64)
# Problematic frame:
# V  [libjvm.so+0x78f1cc]
#
# Core dump will be written. Default location: Core dumps may be processed with "/usr/share/apport/apport %p %s %c %d %P" (or dumping to /media/mustafa/16262892262874C1/workspace/Movie Database/core.25507)
#
# If you would like to submit a bug report, please visit:
#   http://bugreport.java.com/bugreport/crash.jsp
#

---------------  S U M M A R Y ------------

Command Line: -agentlib:jdwp=transport=dt_socket,suspend=y,address=localhost:35531 -Dfile.encoding=UTF-8 database.MovieDatabase

Host: Intel(R) Core(TM) i7-6500U CPU @ 2.50GHz, 4 cores, 7G, Ubuntu 17.10
Time: Mon Feb 12 00:22:31 2018 EET elapsed time: 477 seconds (0d 0h 7m 57s)

---------------  T H R E A D  ---------------

Current thread (0x00007f904812a800):  VMThread "VM Thread" [stack: 0x00007f902c8f9000,0x00007f902c9f9000] [id=25528]

Stack: [0x00007f902c8f9000,0x00007f902c9f9000],  sp=0x00007f902c9f7200,  free space=1016k
Native frames: (J=compiled Java code, A=aot compiled Java code, j=interpreted, Vv=VM code, C=native code)
V  [libjvm.so+0x78f1cc]
V  [libjvm.so+0x7be99d]
V  [libjvm.so+0x7bebe5]
V  [libjvm.so+0x6955e5]
V  [libjvm.so+0x72ebc6]
V  [libjvm.so+0x734027]
V  [libjvm.so+0x7357fe]
V  [libjvm.so+0x735bbb]
V  [libjvm.so+0xa7ffb7]
V  [libjvm.so+0xa80c2b]
V  [libjvm.so+0xa81482]
V  [libjvm.so+0xa817a6]
V  [libjvm.so+0xa23296]
V  [libjvm.so+0x8cd7bd]
V  [libjvm.so+0xc70cd1]
V  [libjvm.so+0xc6e278]
V  [libjvm.so+0xc6f705]
V  [libjvm.so+0xc6fbf2]
V  [libjvm.so+0xa929b0]


siginfo: si_signo: 11 (SIGSEGV), si_code: 128 (SI_KERNEL), si_addr: 0x0000000000000000

Register to memory mapping:

RAX=0x0336030a0001003a is an unknown value
RBX=0x0336030a00010022 is an unknown value
RCX=0x0000000000000000 is an unknown value
RDX=0x00007f904812a800 is an unknown value
RSP=0x00007f902c9f7200 is an unknown value
RBP=0x00007f902c9f7260 is an unknown value
RSI=0x00007f904812a800 is an unknown value
RDI=0x0000000100001670 is pointing into metadata
R8 =0x000000000000006e is an unknown value
R9 =0x000000000000006e is an unknown value
R10=0x0000000000000073 is an unknown value
R11=0xffffffffffffffff is an unknown value
R12=0x00007f904812a800 is an unknown value
R13=0x0000000100001670 is pointing into metadata
R14=0x00007f9050a253a9: <offset 0x00000000011b33a9> in /usr/lib/jvm/java-9-openjdk-amd64/lib/server/libjvm.so at 0x00007f904f872000
R15=0x0000000000000003 is an unknown value


Registers:
RAX=0x0336030a0001003a, RBX=0x0336030a00010022, RCX=0x0000000000000000, RDX=0x00007f904812a800
RSP=0x00007f902c9f7200, RBP=0x00007f902c9f7260, RSI=0x00007f904812a800, RDI=0x0000000100001670
R8 =0x000000000000006e, R9 =0x000000000000006e, R10=0x0000000000000073, R11=0xffffffffffffffff
R12=0x00007f904812a800, R13=0x0000000100001670, R14=0x00007f9050a253a9, R15=0x0000000000000003
RIP=0x00007f90500011cc, EFLAGS=0x0000000000010202, CSGSFS=0x002b000000000033, ERR=0x0000000000000000
  TRAPNO=0x000000000000000d

Top of Stack: (sp=0x00007f902c9f7200)
0x00007f902c9f7200:   0000000000000064 000000032c9f72b8
0x00007f902c9f7210:   00200031ffffffff 000000000000000a
0x00007f902c9f7220:   0000000000000033 00007f90514760e0
0x00007f902c9f7230:   0000000000000000 00007f904812a800 

Instructions: (pc=0x00007f90500011cc)
0x00007f90500011ac:   24 08 48 85 c0 0f 85 09 01 00 00 4c 8d 35 eb 41
0x00007f90500011bc:   a2 00 41 80 3e 00 0f 84 58 01 00 00 49 83 ff 02
0x00007f90500011cc:   c7 43 0c 00 00 00 00 48 8d 7b 10 49 8d 47 fd 74
0x00007f90500011dc:   0f 48 8d 14 c5 08 00 00 00 31 f6 e8 e4 d1 ac ff 

VM_Operation (0x00007f8fdf8cea20): GetOrSetLocal, mode: safepoint, requested by thread 0x00007f904820b000


---------------  P R O C E S S  ---------------

Java Threads: ( => current thread )
  0x00007f9048210800 JavaThread "Service Thread" daemon [_thread_blocked, id=25546, stack(0x00007f8fdf4cc000,0x00007f8fdf5cd000)]
  0x00007f8fcc001800 JavaThread "JDWP Command Reader" daemon [_thread_in_native, id=25543, stack(0x00007f8fdf5cd000,0x00007f8fdf6ce000)]
  0x00007f904820f000 JavaThread "JDWP Event Helper Thread" daemon [_thread_blocked, id=25541, stack(0x00007f8fdf6ce000,0x00007f8fdf7cf000)]
  0x00007f904820b000 JavaThread "JDWP Transport Listener: dt_socket" daemon [_thread_blocked, id=25539, stack(0x00007f8fdf7cf000,0x00007f8fdf8d0000)]
  0x00007f9048184000 JavaThread "Common-Cleaner" daemon [_thread_blocked, id=25536, stack(0x00007f8fdfad5000,0x00007f8fdfbd6000)]
  0x00007f904815f800 JavaThread "Sweeper thread" daemon [_thread_blocked, id=25535, stack(0x00007f90040ff000,0x00007f9004200000)]
  0x00007f904815d800 JavaThread "C1 CompilerThread2" daemon [_thread_blocked, id=25534, stack(0x00007f902c015000,0x00007f902c116000)]
  0x00007f904815b800 JavaThread "C2 CompilerThread1" daemon [_thread_blocked, id=25533, stack(0x00007f902c116000,0x00007f902c217000)]
  0x00007f9048159800 JavaThread "C2 CompilerThread0" daemon [_thread_blocked, id=25532, stack(0x00007f902c217000,0x00007f902c318000)]
  0x00007f9048155800 JavaThread "Signal Dispatcher" daemon [_thread_blocked, id=25531, stack(0x00007f902c318000,0x00007f902c419000)]
  0x00007f904813d000 JavaThread "Finalizer" daemon [_thread_blocked, id=25530, stack(0x00007f902c6f6000,0x00007f902c7f7000)]
  0x00007f9048134800 JavaThread "Reference Handler" daemon [_thread_blocked, id=25529, stack(0x00007f902c7f7000,0x00007f902c8f8000)]
  0x00007f9048013000 JavaThread "main" [_thread_blocked, id=25513, stack(0x00007f9051796000,0x00007f9051896000)]

Other Threads:
=>0x00007f904812a800 VMThread "VM Thread" [stack: 0x00007f902c8f9000,0x00007f902c9f9000] [id=25528]
  0x00007f9048213800 WatcherThread [stack: 0x00007f8fdf3cc000,0x00007f8fdf4cc000] [id=25547]
  0x00007f9048028800 GCTaskThread "GC Thread#0" [stack: 0x00007f904d7d7000,0x00007f904d8d7000] [id=25516]
  0x00007f904802a000 GCTaskThread "GC Thread#1" [stack: 0x00007f904d6d6000,0x00007f904d7d6000] [id=25517]
  0x00007f904802b800 GCTaskThread "GC Thread#2" [stack: 0x00007f904d5d5000,0x00007f904d6d5000] [id=25518]
  0x00007f904802d800 GCTaskThread "GC Thread#3" [stack: 0x00007f904d4d4000,0x00007f904d5d4000] [id=25519]
  0x00007f904805b000 ConcurrentGCThread "G1 Main Marker" [stack: 0x00007f902d775000,0x00007f902d875000] [id=25525]
  0x00007f904805c800 ConcurrentGCThread "G1 Marker#0" [stack: 0x00007f902d674000,0x00007f902d774000] [id=25526]
  0x00007f9048034800 ConcurrentGCThread "G1 Refine#0" [stack: 0x00007f904cccc000,0x00007f904cdcc000] [id=25523]
  0x00007f9048033000 ConcurrentGCThread "G1 Refine#1" [stack: 0x00007f904cdcd000,0x00007f904cecd000] [id=25522]
  0x00007f9048031000 ConcurrentGCThread "G1 Refine#2" [stack: 0x00007f904cece000,0x00007f904cfce000] [id=25521]
  0x00007f904802f800 ConcurrentGCThread "G1 Refine#3" [stack: 0x00007f904cfcf000,0x00007f904d0cf000] [id=25520]
  0x00007f9048036800 ConcurrentGCThread "G1 Young RemSet Sampling" [stack: 0x00007f904cbcb000,0x00007f904cccb000] [id=25524]

Threads with active compile tasks:

VM state:at safepoint (normal execution)

VM Mutex/Monitor currently owned by a thread:  ([mutex/lock_event])
[0x00007f904800f350] Threads_lock - owner thread: 0x00007f904812a800

Heap address: 0x0000000088000000, size: 1920 MB, Compressed Oops mode: 32-bit
Narrow klass base: 0x0000000000000000, Narrow klass shift: 3
Compressed class space size: 1073741824 Address: 0x0000000100000000

Heap:
 garbage-first heap   total 122880K, used 4096K [0x0000000088000000, 0x00000000881003c0, 0x0000000100000000)
  region size 1024K, 5 young (5120K), 0 survivors (0K)
 Metaspace       used 6354K, capacity 6500K, committed 6784K, reserved 1056768K
  class space    used 527K, capacity 553K, committed 640K, reserved 1048576K
Heap Regions: E=young(eden), S=young(survivor), O=old, HS=humongous(starts), HC=humongous(continues), CS=collection set, F=free, A=archive, TS=gc time stamp, AC=allocation context, TAMS=top-at-mark-start (previous, next)
|   0|0x0000000088000000, 0x0000000088000000, 0x0000000088100000|  0%| F|  |TS  0|AC  0|TAMS 0x0000000088000000, 0x0000000088000000|
|   1|0x0000000088100000, 0x0000000088100000, 0x0000000088200000|  0%| F|  |TS  0|AC  0|TAMS 0x0000000088100000, 0x0000000088100000|
|   2|0x0000000088200000, 0x0000000088200000, 0x0000000088300000|  0%| F|  |TS  0|AC  0|TAMS 0x0000000088200000, 0x0000000088200000|
|   3|0x0000000088300000, 0x0000000088300000, 0x0000000088400000|  0%| F|  |TS  0|AC  0|TAMS 0x0000000088300000, 0x0000000088300000|
|   4|0x0000000088400000, 0x0000000088400000, 0x0000000088500000|  0%| F|  |TS  0|AC  0|TAMS 0x0000000088400000, 0x0000000088400000|
|   5|0x0000000088500000, 0x0000000088500000, 0x0000000088600000|  0%| F|  |TS  0|AC  0|TAMS 0x0000000088500000, 0x0000000088500000|
|   6|0x0000000088600000, 0x0000000088600000, 0x0000000088700000|  0%| F|  |TS  0|AC  0|TAMS 0x0000000088600000, 0x0000000088600000|
|   7|0x0000000088700000, 0x0000000088700000, 0x0000000088800000|  0%| F|  |TS  0|AC  0|TAMS 0x0000000088700000, 0x0000000088700000|
|   8|0x0000000088800000, 0x0000000088800000, 0x0000000088900000|  0%| F|  |TS  0|AC  0|TAMS 0x0000000088800000, 0x0000000088800000|
|   9|0x0000000088900000, 0x0000000088900000, 0x0000000088a00000|  0%| F|  |TS  0|AC  0|TAMS 0x0000000088900000, 0x0000000088900000|
|  10|0x0000000088a00000, 0x0000000088a00000, 0x0000000088b00000|  0%| F|  |TS  0|AC  0|TAMS 0x0000000088a00000, 0x0000000088a00000|
|  11|0x0000000088b00000, 0x0000000088b00000, 0x0000000088c00000|  0%| F|  |TS  0|AC  0|TAMS 0x0000000088b00000, 0x0000000088b00000|
|  12|0x0000000088c00000, 0x0000000088c00000, 0x0000000088d00000|  0%| F|  |TS  0|AC  0|TAMS 0x0000000088c00000, 0x0000000088c00000|
|  13|0x0000000088d00000, 0x0000000088d00000, 0x0000000088e00000|  0%| F|  |TS  0|AC  0|TAMS 0x0000000088d00000, 0x0000000088d00000|
|  14|0x0000000088e00000, 0x0000000088e00000, 0x0000000088f00000|  0%| F|  |TS  0|AC  0|TAMS 0x0000000088e00000, 0x0000000088e00000|
|  15|0x0000000088f00000, 0x0000000088f00000, 0x0000000089000000|  0%| F|  |TS  0|AC  0|TAMS 0x0000000088f00000, 0x0000000088f00000|
|  16|0x0000000089000000, 0x0000000089000000, 0x0000000089100000|  0%| F|  |TS  0|AC  0|TAMS 0x0000000089000000, 0x0000000089000000|
|  17|0x0000000089100000, 0x0000000089100000, 0x0000000089200000|  0%| F|  |TS  0|AC  0|TAMS 0x0000000089100000, 0x0000000089100000|
|  18|0x0000000089200000, 0x0000000089200000, 0x0000000089300000|  0%| F|  |TS  0|AC  0|TAMS 0x0000000089200000, 0x0000000089200000|
|  19|0x0000000089300000, 0x0000000089300000, 0x0000000089400000|  0%| F|  |TS  0|AC  0|TAMS 0x0000000089300000, 0x0000000089300000|
|  20|0x0000000089400000, 0x0000000089400000, 0x0000000089500000|  0%| F|  |TS  0|AC  0|TAMS 0x0000000089400000, 0x0000000089400000|
|  21|0x0000000089500000, 0x0000000089500000, 0x0000000089600000|  0%| F|  |TS  0|AC  0|TAMS 0x0000000089500000, 0x0000000089500000|
|  22|0x0000000089600000, 0x0000000089600000, 0x0000000089700000|  0%| F|  |TS  0|AC  0|TAMS 0x0000000089600000, 0x0000000089600000|
|  23|0x0000000089700000, 0x0000000089700000, 0x0000000089800000|  0%| F|  |TS  0|AC  0|TAMS 0x0000000089700000, 0x0000000089700000|
|  24|0x0000000089800000, 0x0000000089800000, 0x0000000089900000|  0%| F|  |TS  0|AC  0|TAMS 0x0000000089800000, 0x0000000089800000|
|  25|0x0000000089900000, 0x0000000089900000, 0x0000000089a00000|  0%| F|  |TS  0|AC  0|TAMS 0x0000000089900000, 0x0000000089900000|
|  26|0x0000000089a00000, 0x0000000089a00000, 0x0000000089b00000|  0%| F|  |TS  0|AC  0|TAMS 0x0000000089a00000, 0x0000000089a00000|
|  27|0x0000000089b00000, 0x0000000089b00000, 0x0000000089c00000|  0%| F|  |TS  0|AC  0|TAMS 0x0000000089b00000, 0x0000000089b00000|
|  28|0x0000000089c00000, 0x0000000089c00000, 0x0000000089d00000|  0%| F|  |TS  0|AC  0|TAMS 0x0000000089c00000, 0x0000000089c00000|
|  29|0x0000000089d00000, 0x0000000089d00000, 0x0000000089e00000|  0%| F|  |TS  0|AC  0|TAMS 0x0000000089d00000, 0x0000000089d00000|
|  30|0x0000000089e00000, 0x0000000089e00000, 0x0000000089f00000|  0%| F|  |TS  0|AC  0|TAMS 0x0000000089e00000, 0x0000000089e00000|
|  31|0x0000000089f00000, 0x0000000089f00000, 0x000000008a000000|  0%| F|  |TS  0|AC  0|TAMS 0x0000000089f00000, 0x0000000089f00000|
|  32|0x000000008a000000, 0x000000008a000000, 0x000000008a100000|  0%| F|  |TS  0|AC  0|TAMS 0x000000008a000000, 0x000000008a000000|
|  33|0x000000008a100000, 0x000000008a100000, 0x000000008a200000|  0%| F|  |TS  0|AC  0|TAMS 0x000000008a100000, 0x000000008a100000|
|  34|0x000000008a200000, 0x000000008a200000, 0x000000008a300000|  0%| F|  |TS  0|AC  0|TAMS 0x000000008a200000, 0x000000008a200000|
|  35|0x000000008a300000, 0x000000008a300000, 0x000000008a400000|  0%| F|  |TS  0|AC  0|TAMS 0x000000008a300000, 0x000000008a300000|
|  36|0x000000008a400000, 0x000000008a400000, 0x000000008a500000|  0%| F|  |TS  0|AC  0|TAMS 0x000000008a400000, 0x000000008a400000|
|  37|0x000000008a500000, 0x000000008a500000, 0x000000008a600000|  0%| F|  |TS  0|AC  0|TAMS 0x000000008a500000, 0x000000008a500000|
|  38|0x000000008a600000, 0x000000008a600000, 0x000000008a700000|  0%| F|  |TS  0|AC  0|TAMS 0x000000008a600000, 0x000000008a600000|
|  39|0x000000008a700000, 0x000000008a700000, 0x000000008a800000|  0%| F|  |TS  0|AC  0|TAMS 0x000000008a700000, 0x000000008a700000|
|  40|0x000000008a800000, 0x000000008a800000, 0x000000008a900000|  0%| F|  |TS  0|AC  0|TAMS 0x000000008a800000, 0x000000008a800000|
|  41|0x000000008a900000, 0x000000008a900000, 0x000000008aa00000|  0%| F|  |TS  0|AC  0|TAMS 0x000000008a900000, 0x000000008a900000|
|  42|0x000000008aa00000, 0x000000008aa00000, 0x000000008ab00000|  0%| F|  |TS  0|AC  0|TAMS 0x000000008aa00000, 0x000000008aa00000|
|  43|0x000000008ab00000, 0x000000008ab00000, 0x000000008ac00000|  0%| F|  |TS  0|AC  0|TAMS 0x000000008ab00000, 0x000000008ab00000|
|  44|0x000000008ac00000, 0x000000008ac00000, 0x000000008ad00000|  0%| F|  |TS  0|AC  0|TAMS 0x000000008ac00000, 0x000000008ac00000|
|  45|0x000000008ad00000, 0x000000008ad00000, 0x000000008ae00000|  0%| F|  |TS  0|AC  0|TAMS 0x000000008ad00000, 0x000000008ad00000|
|  46|0x000000008ae00000, 0x000000008ae00000, 0x000000008af00000|  0%| F|  |TS  0|AC  0|TAMS 0x000000008ae00000, 0x000000008ae00000|
|  47|0x000000008af00000, 0x000000008af00000, 0x000000008b000000|  0%| F|  |TS  0|AC  0|TAMS 0x000000008af00000, 0x000000008af00000|
|  48|0x000000008b000000, 0x000000008b000000, 0x000000008b100000|  0%| F|  |TS  0|AC  0|TAMS 0x000000008b000000, 0x000000008b000000|
|  49|0x000000008b100000, 0x000000008b100000, 0x000000008b200000|  0%| F|  |TS  0|AC  0|TAMS 0x000000008b100000, 0x000000008b100000|
|  50|0x000000008b200000, 0x000000008b200000, 0x000000008b300000|  0%| F|  |TS  0|AC  0|TAMS 0x000000008b200000, 0x000000008b200000|
|  51|0x000000008b300000, 0x000000008b300000, 0x000000008b400000|  0%| F|  |TS  0|AC  0|TAMS 0x000000008b300000, 0x000000008b300000|
|  52|0x000000008b400000, 0x000000008b400000, 0x000000008b500000|  0%| F|  |TS  0|AC  0|TAMS 0x000000008b400000, 0x000000008b400000|
|  53|0x000000008b500000, 0x000000008b500000, 0x000000008b600000|  0%| F|  |TS  0|AC  0|TAMS 0x000000008b500000, 0x000000008b500000|
|  54|0x000000008b600000, 0x000000008b600000, 0x000000008b700000|  0%| F|  |TS  0|AC  0|TAMS 0x000000008b600000, 0x000000008b600000|
|  55|0x000000008b700000, 0x000000008b700000, 0x000000008b800000|  0%| F|  |TS  0|AC  0|TAMS 0x000000008b700000, 0x000000008b700000|
|  56|0x000000008b800000, 0x000000008b800000, 0x000000008b900000|  0%| F|  |TS  0|AC  0|TAMS 0x000000008b800000, 0x000000008b800000|
|  57|0x000000008b900000, 0x000000008b900000, 0x000000008ba00000|  0%| F|  |TS  0|AC  0|TAMS 0x000000008b900000, 0x000000008b900000|
|  58|0x000000008ba00000, 0x000000008ba00000, 0x000000008bb00000|  0%| F|  |TS  0|AC  0|TAMS 0x000000008ba00000, 0x000000008ba00000|
|  59|0x000000008bb00000, 0x000000008bb00000, 0x000000008bc00000|  0%| F|  |TS  0|AC  0|TAMS 0x000000008bb00000, 0x000000008bb00000|
|  60|0x000000008bc00000, 0x000000008bc00000, 0x000000008bd00000|  0%| F|  |TS  0|AC  0|TAMS 0x000000008bc00000, 0x000000008bc00000|
|  61|0x000000008bd00000, 0x000000008bd00000, 0x000000008be00000|  0%| F|  |TS  0|AC  0|TAMS 0x000000008bd00000, 0x000000008bd00000|
|  62|0x000000008be00000, 0x000000008be00000, 0x000000008bf00000|  0%| F|  |TS  0|AC  0|TAMS 0x000000008be00000, 0x000000008be00000|
|  63|0x000000008bf00000, 0x000000008bf00000, 0x000000008c000000|  0%| F|  |TS  0|AC  0|TAMS 0x000000008bf00000, 0x000000008bf00000|
|  64|0x000000008c000000, 0x000000008c000000, 0x000000008c100000|  0%| F|  |TS  0|AC  0|TAMS 0x000000008c000000, 0x000000008c000000|
|  65|0x000000008c100000, 0x000000008c100000, 0x000000008c200000|  0%| F|  |TS  0|AC  0|TAMS 0x000000008c100000, 0x000000008c100000|
|  66|0x000000008c200000, 0x000000008c200000, 0x000000008c300000|  0%| F|  |TS  0|AC  0|TAMS 0x000000008c200000, 0x000000008c200000|
|  67|0x000000008c300000, 0x000000008c300000, 0x000000008c400000|  0%| F|  |TS  0|AC  0|TAMS 0x000000008c300000, 0x000000008c300000|
|  68|0x000000008c400000, 0x000000008c400000, 0x000000008c500000|  0%| F|  |TS  0|AC  0|TAMS 0x000000008c400000, 0x000000008c400000|
|  69|0x000000008c500000, 0x000000008c500000, 0x000000008c600000|  0%| F|  |TS  0|AC  0|TAMS 0x000000008c500000, 0x000000008c500000|
|  70|0x000000008c600000, 0x000000008c600000, 0x000000008c700000|  0%| F|  |TS  0|AC  0|TAMS 0x000000008c600000, 0x000000008c600000|
|  71|0x000000008c700000, 0x000000008c700000, 0x000000008c800000|  0%| F|  |TS  0|AC  0|TAMS 0x000000008c700000, 0x000000008c700000|
|  72|0x000000008c800000, 0x000000008c800000, 0x000000008c900000|  0%| F|  |TS  0|AC  0|TAMS 0x000000008c800000, 0x000000008c800000|
|  73|0x000000008c900000, 0x000000008c900000, 0x000000008ca00000|  0%| F|  |TS  0|AC  0|TAMS 0x000000008c900000, 0x000000008c900000|
|  74|0x000000008ca00000, 0x000000008ca00000, 0x000000008cb00000|  0%| F|  |TS  0|AC  0|TAMS 0x000000008ca00000, 0x000000008ca00000|
|  75|0x000000008cb00000, 0x000000008cb00000, 0x000000008cc00000|  0%| F|  |TS  0|AC  0|TAMS 0x000000008cb00000, 0x000000008cb00000|
|  76|0x000000008cc00000, 0x000000008cc00000, 0x000000008cd00000|  0%| F|  |TS  0|AC  0|TAMS 0x000000008cc00000, 0x000000008cc00000|
|  77|0x000000008cd00000, 0x000000008cd00000, 0x000000008ce00000|  0%| F|  |TS  0|AC  0|TAMS 0x000000008cd00000, 0x000000008cd00000|
|  78|0x000000008ce00000, 0x000000008ce00000, 0x000000008cf00000|  0%| F|  |TS  0|AC  0|TAMS 0x000000008ce00000, 0x000000008ce00000|
|  79|0x000000008cf00000, 0x000000008cf00000, 0x000000008d000000|  0%| F|  |TS  0|AC  0|TAMS 0x000000008cf00000, 0x000000008cf00000|
|  80|0x000000008d000000, 0x000000008d000000, 0x000000008d100000|  0%| F|  |TS  0|AC  0|TAMS 0x000000008d000000, 0x000000008d000000|
|  81|0x000000008d100000, 0x000000008d100000, 0x000000008d200000|  0%| F|  |TS  0|AC  0|TAMS 0x000000008d100000, 0x000000008d100000|
|  82|0x000000008d200000, 0x000000008d200000, 0x000000008d300000|  0%| F|  |TS  0|AC  0|TAMS 0x000000008d200000, 0x000000008d200000|
|  83|0x000000008d300000, 0x000000008d300000, 0x000000008d400000|  0%| F|  |TS  0|AC  0|TAMS 0x000000008d300000, 0x000000008d300000|
|  84|0x000000008d400000, 0x000000008d400000, 0x000000008d500000|  0%| F|  |TS  0|AC  0|TAMS 0x000000008d400000, 0x000000008d400000|
|  85|0x000000008d500000, 0x000000008d500000, 0x000000008d600000|  0%| F|  |TS  0|AC  0|TAMS 0x000000008d500000, 0x000000008d500000|
|  86|0x000000008d600000, 0x000000008d600000, 0x000000008d700000|  0%| F|  |TS  0|AC  0|TAMS 0x000000008d600000, 0x000000008d600000|
|  87|0x000000008d700000, 0x000000008d700000, 0x000000008d800000|  0%| F|  |TS  0|AC  0|TAMS 0x000000008d700000, 0x000000008d700000|
|  88|0x000000008d800000, 0x000000008d800000, 0x000000008d900000|  0%| F|  |TS  0|AC  0|TAMS 0x000000008d800000, 0x000000008d800000|
|  89|0x000000008d900000, 0x000000008d900000, 0x000000008da00000|  0%| F|  |TS  0|AC  0|TAMS 0x000000008d900000, 0x000000008d900000|
|  90|0x000000008da00000, 0x000000008da00000, 0x000000008db00000|  0%| F|  |TS  0|AC  0|TAMS 0x000000008da00000, 0x000000008da00000|
|  91|0x000000008db00000, 0x000000008db00000, 0x000000008dc00000|  0%| F|  |TS  0|AC  0|TAMS 0x000000008db00000, 0x000000008db00000|
|  92|0x000000008dc00000, 0x000000008dc00000, 0x000000008dd00000|  0%| F|  |TS  0|AC  0|TAMS 0x000000008dc00000, 0x000000008dc00000|
|  93|0x000000008dd00000, 0x000000008dd00000, 0x000000008de00000|  0%| F|  |TS  0|AC  0|TAMS 0x000000008dd00000, 0x000000008dd00000|
|  94|0x000000008de00000, 0x000000008de00000, 0x000000008df00000|  0%| F|  |TS  0|AC  0|TAMS 0x000000008de00000, 0x000000008de00000|
|  95|0x000000008df00000, 0x000000008df00000, 0x000000008e000000|  0%| F|  |TS  0|AC  0|TAMS 0x000000008df00000, 0x000000008df00000|
|  96|0x000000008e000000, 0x000000008e000000, 0x000000008e100000|  0%| F|  |TS  0|AC  0|TAMS 0x000000008e000000, 0x000000008e000000|
|  97|0x000000008e100000, 0x000000008e100000, 0x000000008e200000|  0%| F|  |TS  0|AC  0|TAMS 0x000000008e100000, 0x000000008e100000|
|  98|0x000000008e200000, 0x000000008e200000, 0x000000008e300000|  0%| F|  |TS  0|AC  0|TAMS 0x000000008e200000, 0x000000008e200000|
|  99|0x000000008e300000, 0x000000008e300000, 0x000000008e400000|  0%| F|  |TS  0|AC  0|TAMS 0x000000008e300000, 0x000000008e300000|
| 100|0x000000008e400000, 0x000000008e400000, 0x000000008e500000|  0%| F|  |TS  0|AC  0|TAMS 0x000000008e400000, 0x000000008e400000|
| 101|0x000000008e500000, 0x000000008e500000, 0x000000008e600000|  0%| F|  |TS  0|AC  0|TAMS 0x000000008e500000, 0x000000008e500000|
| 102|0x000000008e600000, 0x000000008e600000, 0x000000008e700000|  0%| F|  |TS  0|AC  0|TAMS 0x000000008e600000, 0x000000008e600000|
| 103|0x000000008e700000, 0x000000008e700000, 0x000000008e800000|  0%| F|  |TS  0|AC  0|TAMS 0x000000008e700000, 0x000000008e700000|
| 104|0x000000008e800000, 0x000000008e800000, 0x000000008e900000|  0%| F|  |TS  0|AC  0|TAMS 0x000000008e800000, 0x000000008e800000|
| 105|0x000000008e900000, 0x000000008e900000, 0x000000008ea00000|  0%| F|  |TS  0|AC  0|TAMS 0x000000008e900000, 0x000000008e900000|
| 106|0x000000008ea00000, 0x000000008ea00000, 0x000000008eb00000|  0%| F|  |TS  0|AC  0|TAMS 0x000000008ea00000, 0x000000008ea00000|
| 107|0x000000008eb00000, 0x000000008eb00000, 0x000000008ec00000|  0%| F|  |TS  0|AC  0|TAMS 0x000000008eb00000, 0x000000008eb00000|
| 108|0x000000008ec00000, 0x000000008ec00000, 0x000000008ed00000|  0%| F|  |TS  0|AC  0|TAMS 0x000000008ec00000, 0x000000008ec00000|
| 109|0x000000008ed00000, 0x000000008ed00000, 0x000000008ee00000|  0%| F|  |TS  0|AC  0|TAMS 0x000000008ed00000, 0x000000008ed00000|
| 110|0x000000008ee00000, 0x000000008ee00000, 0x000000008ef00000|  0%| F|  |TS  0|AC  0|TAMS 0x000000008ee00000, 0x000000008ee00000|
| 111|0x000000008ef00000, 0x000000008ef00000, 0x000000008f000000|  0%| F|  |TS  0|AC  0|TAMS 0x000000008ef00000, 0x000000008ef00000|
| 112|0x000000008f000000, 0x000000008f000000, 0x000000008f100000|  0%| F|  |TS  0|AC  0|TAMS 0x000000008f000000, 0x000000008f000000|
| 113|0x000000008f100000, 0x000000008f100000, 0x000000008f200000|  0%| F|  |TS  0|AC  0|TAMS 0x000000008f100000, 0x000000008f100000|
| 114|0x000000008f200000, 0x000000008f200000, 0x000000008f300000|  0%| F|  |TS  0|AC  0|TAMS 0x000000008f200000, 0x000000008f200000|
| 115|0x000000008f300000, 0x000000008f399f60, 0x000000008f400000| 60%| E|  |TS  0|AC  0|TAMS 0x000000008f300000, 0x000000008f300000|
| 116|0x000000008f400000, 0x000000008f500000, 0x000000008f500000|100%| E|CS|TS  0|AC  0|TAMS 0x000000008f400000, 0x000000008f400000|
| 117|0x000000008f500000, 0x000000008f600000, 0x000000008f600000|100%| E|CS|TS  0|AC  0|TAMS 0x000000008f500000, 0x000000008f500000|
| 118|0x000000008f600000, 0x000000008f700000, 0x000000008f700000|100%| E|CS|TS  0|AC  0|TAMS 0x000000008f600000, 0x000000008f600000|
| 119|0x000000008f700000, 0x000000008f800000, 0x000000008f800000|100%| E|CS|TS  0|AC  0|TAMS 0x000000008f700000, 0x000000008f700000|

Card table byte_map: [0x00007f904c08a000,0x00007f904c44a000] byte_map_base: 0x00007f904bc4a000

Marking Bits (Prev, Next): (CMBitMap*) 0x00007f904805a180, (CMBitMap*) 0x00007f904805a1b8
 Prev Bits: [0x00007f902d875000, 0x00007f902f675000)
 Next Bits: [0x00007f9006200000, 0x00007f9008000000)

Polling page: 0x00007f90518b3000

CodeHeap 'non-profiled nmethods': size=120032Kb used=123Kb max_used=123Kb free=119908Kb
 bounds [0x00007f90374fd000, 0x00007f903776d000, 0x00007f903ea35000]
CodeHeap 'profiled nmethods': size=120032Kb used=484Kb max_used=484Kb free=119547Kb
 bounds [0x00007f902ffc5000, 0x00007f9030235000, 0x00007f90374fd000]
CodeHeap 'non-nmethods': size=5696Kb used=1171Kb max_used=1194Kb free=4524Kb
 bounds [0x00007f902fa35000, 0x00007f902fca5000, 0x00007f902ffc5000]
 total_blobs=760 nmethods=343 adapters=234
 compilation: enabled

Compilation events (10 events):
Event: 259.314 Thread 0x00007f904815d800  339       1       java.lang.String::toString (2 bytes)
Event: 259.314 Thread 0x00007f904815d800 nmethod 339 0x00007f9037518e90 code [0x00007f9037519040, 0x00007f9037519150]
Event: 261.182 Thread 0x00007f9048159800  340       4       java.lang.AbstractStringBuilder::append (77 bytes)
Event: 261.182 Thread 0x00007f904815b800  341       4       java.lang.StringBuilder::append (8 bytes)
Event: 261.192 Thread 0x00007f904815b800 nmethod 341 0x00007f9037519210 code [0x00007f90375193e0, 0x00007f9037519938]
Event: 261.194 Thread 0x00007f9048159800 nmethod 340 0x00007f9037519c10 code [0x00007f9037519de0, 0x00007f903751a2d8]
Event: 263.956 Thread 0x00007f904815b800  342       4       java.lang.AbstractStringBuilder::append (45 bytes)
Event: 263.957 Thread 0x00007f9048159800  343 %     4       java.lang.StringUTF16::inflate @ 10 (42 bytes)
Event: 263.977 Thread 0x00007f9048159800 nmethod 343% 0x00007f903751a590 code [0x00007f903751a740, 0x00007f903751aa98]
Event: 263.997 Thread 0x00007f904815b800 nmethod 342 0x00007f903751ab90 code [0x00007f903751ad80, 0x00007f903751b938]

GC Heap History (0 events):
No events

Deoptimization events (2 events):
Event: 0.221 Thread 0x00007f9048013000 Uncommon trap: reason=unstable_if action=reinterpret pc=0x00007f903750969c method=java.lang.String.charAt(I)C @ 4 c2
Event: 7.262 Thread 0x00007f9048013000 Uncommon trap: reason=unstable_if action=reinterpret pc=0x00007f903750e894 method=java.lang.String.equals(Ljava/lang/Object;)Z @ 27 c2

Classes redefined (3 events):
Event: 305.028 Thread 0x00007f904812a800 redefined class name=database.MovieDatabase, count=1
Event: 423.860 Thread 0x00007f904812a800 redefined class name=database.MovieDatabase, count=2
Event: 464.447 Thread 0x00007f904812a800 redefined class name=database.MovieDatabase, count=3

Internal exceptions (3 events):
Event: 0.195 Thread 0x00007f9048013000 Exception <a 'java/lang/NoSuchMethodError'{0x000000008f6ea3e0}: java.lang.Object.lambda$negate$3(I)Z> (0x000000008f6ea3e0) thrown at [/build/openjdk-9-xkOtCi/openjdk-9-9~b181/src/hotspot/src/share/vm/interpreter/linkResolver.cpp, line 731]
Event: 0.198 Thread 0x00007f9048013000 Exception <a 'java/lang/NoSuchMethodError'{0x000000008f6ed838}: java.lang.Object.lambda$and$0(Ljava/util/regex/Pattern$CharPredicate;I)Z> (0x000000008f6ed838) thrown at [/build/openjdk-9-xkOtCi/openjdk-9-9~b181/src/hotspot/src/share/vm/interpreter/linkRes
Event: 0.224 Thread 0x00007f9048013000 Exception <a 'java/lang/NoSuchMethodError'{0x000000008f542a38}: java.lang.Object.lambda$union$2(Ljava/util/regex/Pattern$CharPredicate;I)Z> (0x000000008f542a38) thrown at [/build/openjdk-9-xkOtCi/openjdk-9-9~b181/src/hotspot/src/share/vm/interpreter/linkR

Events (10 events):
Event: 477.190 Executing VM operation: GetCurrentContendedMonitor done
Event: 477.190 Executing VM operation: GetOwnedMonitorInfo
Event: 477.190 Executing VM operation: GetOwnedMonitorInfo done
Event: 477.190 Executing VM operation: GetCurrentContendedMonitor
Event: 477.190 Executing VM operation: GetCurrentContendedMonitor done
Event: 477.191 Executing VM operation: GetCurrentContendedMonitor
Event: 477.191 Executing VM operation: GetCurrentContendedMonitor done
Event: 477.191 Executing VM operation: GetOwnedMonitorInfo
Event: 477.191 Executing VM operation: GetOwnedMonitorInfo done
Event: 477.267 Executing VM operation: GetOrSetLocal


Dynamic libraries:
88000000-8f800000 rw-p 00000000 00:00 0 
8f800000-100000000 ---p 00000000 00:00 0 
100000000-1000a0000 rw-p 00000000 00:00 0 
1000a0000-140000000 ---p 00000000 00:00 0 
5603e9cc2000-5603e9cc3000 r-xp 00000000 08:05 3162564                    /usr/lib/jvm/java-9-openjdk-amd64/bin/java
5603e9ec3000-5603e9ec4000 r--p 00001000 08:05 3162564                    /usr/lib/jvm/java-9-openjdk-amd64/bin/java
5603e9ec4000-5603e9ec5000 rw-p 00002000 08:05 3162564                    /usr/lib/jvm/java-9-openjdk-amd64/bin/java
5603ebc90000-5603ebcb1000 rw-p 00000000 00:00 0                          [heap]
7f8fbc000000-7f8fbc021000 rw-p 00000000 00:00 0 
7f8fbc021000-7f8fc0000000 ---p 00000000 00:00 0 
7f8fc4000000-7f8fc4021000 rw-p 00000000 00:00 0 
7f8fc4021000-7f8fc8000000 ---p 00000000 00:00 0 
7f8fc8000000-7f8fc8021000 rw-p 00000000 00:00 0 
7f8fc8021000-7f8fcc000000 ---p 00000000 00:00 0 
7f8fcc000000-7f8fcc021000 rw-p 00000000 00:00 0 
7f8fcc021000-7f8fd0000000 ---p 00000000 00:00 0 
7f8fd0000000-7f8fd0022000 rw-p 00000000 00:00 0 
7f8fd0022000-7f8fd4000000 ---p 00000000 00:00 0 
7f8fd4000000-7f8fd4021000 rw-p 00000000 00:00 0 
7f8fd4021000-7f8fd8000000 ---p 00000000 00:00 0 
7f8fd8000000-7f8fd8021000 rw-p 00000000 00:00 0 
7f8fd8021000-7f8fdc000000 ---p 00000000 00:00 0 
7f8fdf3cb000-7f8fdf3cc000 ---p 00000000 00:00 0 
7f8fdf3cc000-7f8fdf4cc000 rw-p 00000000 00:00 0 
7f8fdf4cc000-7f8fdf4d0000 ---p 00000000 00:00 0 
7f8fdf4d0000-7f8fdf5cd000 rw-p 00000000 00:00 0 
7f8fdf5cd000-7f8fdf5d1000 ---p 00000000 00:00 0 
7f8fdf5d1000-7f8fdf6ce000 rw-p 00000000 00:00 0 
7f8fdf6ce000-7f8fdf6d2000 ---p 00000000 00:00 0 
7f8fdf6d2000-7f8fdf7cf000 rw-p 00000000 00:00 0 
7f8fdf7cf000-7f8fdf7d3000 ---p 00000000 00:00 0 
7f8fdf7d3000-7f8fdf8d0000 rw-p 00000000 00:00 0 
7f8fdf8d0000-7f8fdf8d4000 r-xp 00000000 08:05 3162784                    /usr/lib/jvm/java-9-openjdk-amd64/lib/libdt_socket.so
7f8fdf8d4000-7f8fdfad3000 ---p 00004000 08:05 3162784                    /usr/lib/jvm/java-9-openjdk-amd64/lib/libdt_socket.so
7f8fdfad3000-7f8fdfad4000 r--p 00003000 08:05 3162784                    /usr/lib/jvm/java-9-openjdk-amd64/lib/libdt_socket.so
7f8fdfad4000-7f8fdfad5000 rw-p 00004000 08:05 3162784                    /usr/lib/jvm/java-9-openjdk-amd64/lib/libdt_socket.so
7f8fdfad5000-7f8fdfad9000 ---p 00000000 00:00 0 
7f8fdfad9000-7f8fdfbd6000 rw-p 00000000 00:00 0 
7f8fdfbd6000-7f8fdfbed000 r-xp 00000000 08:05 3162804                    /usr/lib/jvm/java-9-openjdk-amd64/lib/libnet.so
7f8fdfbed000-7f8fdfdec000 ---p 00017000 08:05 3162804                    /usr/lib/jvm/java-9-openjdk-amd64/lib/libnet.so
7f8fdfdec000-7f8fdfded000 r--p 00016000 08:05 3162804                    /usr/lib/jvm/java-9-openjdk-amd64/lib/libnet.so
7f8fdfded000-7f8fdfdee000 rw-p 00017000 08:05 3162804                    /usr/lib/jvm/java-9-openjdk-amd64/lib/libnet.so
7f8fdfdee000-7f8fdfdff000 r-xp 00000000 08:05 3162805                    /usr/lib/jvm/java-9-openjdk-amd64/lib/libnio.so
7f8fdfdff000-7f8fdfffe000 ---p 00011000 08:05 3162805                    /usr/lib/jvm/java-9-openjdk-amd64/lib/libnio.so
7f8fdfffe000-7f8fdffff000 r--p 00010000 08:05 3162805                    /usr/lib/jvm/java-9-openjdk-amd64/lib/libnio.so
7f8fdffff000-7f8fe0000000 rw-p 00011000 08:05 3162805                    /usr/lib/jvm/java-9-openjdk-amd64/lib/libnio.so
7f8fe0000000-7f8fe0240000 rw-p 00000000 00:00 0 
7f8fe0240000-7f8fe4000000 ---p 00000000 00:00 0 
7f8fe4000000-7f8fe4159000 rw-p 00000000 00:00 0 
7f8fe4159000-7f8fe8000000 ---p 00000000 00:00 0 
7f8fe8000000-7f8fe8021000 rw-p 00000000 00:00 0 
7f8fe8021000-7f8fec000000 ---p 00000000 00:00 0 
7f8fec000000-7f8fec215000 rw-p 00000000 00:00 0 
7f8fec215000-7f8ff0000000 ---p 00000000 00:00 0 
7f8ff0000000-7f8ff0021000 rw-p 00000000 00:00 0 
7f8ff0021000-7f8ff4000000 ---p 00000000 00:00 0 
7f8ff4000000-7f8ff4021000 rw-p 00000000 00:00 0 
7f8ff4021000-7f8ff8000000 ---p 00000000 00:00 0 
7f8ff8000000-7f8ff8021000 rw-p 00000000 00:00 0 
7f8ff8021000-7f8ffc000000 ---p 00000000 00:00 0 
7f8ffc000000-7f8ffc021000 rw-p 00000000 00:00 0 
7f8ffc021000-7f9000000000 ---p 00000000 00:00 0 
7f9000000000-7f9000021000 rw-p 00000000 00:00 0 
7f9000021000-7f9004000000 ---p 00000000 00:00 0 
7f90040ce000-7f90040ff000 rw-p 00000000 00:00 0 
7f90040ff000-7f9004103000 ---p 00000000 00:00 0 
7f9004103000-7f9004200000 rw-p 00000000 00:00 0 
7f9004200000-7f9006200000 rwxp 00000000 00:00 0 
7f9006200000-7f90063e0000 rw-p 00000000 00:00 0 
7f90063e0000-7f9008000000 ---p 00000000 00:00 0 
7f9008000000-7f9008021000 rw-p 00000000 00:00 0 
7f9008021000-7f900c000000 ---p 00000000 00:00 0 
7f900c000000-7f900c021000 rw-p 00000000 00:00 0 
7f900c021000-7f9010000000 ---p 00000000 00:00 0 
7f9010000000-7f9010021000 rw-p 00000000 00:00 0 
7f9010021000-7f9014000000 ---p 00000000 00:00 0 
7f9014000000-7f9014021000 rw-p 00000000 00:00 0 
7f9014021000-7f9018000000 ---p 00000000 00:00 0 
7f9018000000-7f9018021000 rw-p 00000000 00:00 0 
7f9018021000-7f901c000000 ---p 00000000 00:00 0 
7f901c000000-7f901c021000 rw-p 00000000 00:00 0 
7f901c021000-7f9020000000 ---p 00000000 00:00 0 
7f9020000000-7f9020021000 rw-p 00000000 00:00 0 
7f9020021000-7f9024000000 ---p 00000000 00:00 0 
7f9024000000-7f9024021000 rw-p 00000000 00:00 0 
7f9024021000-7f9028000000 ---p 00000000 00:00 0 
7f9028000000-7f9028021000 rw-p 00000000 00:00 0 
7f9028021000-7f902c000000 ---p 00000000 00:00 0 
7f902c015000-7f902c019000 ---p 00000000 00:00 0 
7f902c019000-7f902c116000 rw-p 00000000 00:00 0 
7f902c116000-7f902c11a000 ---p 00000000 00:00 0 
7f902c11a000-7f902c217000 rw-p 00000000 00:00 0 
7f902c217000-7f902c21b000 ---p 00000000 00:00 0 
7f902c21b000-7f902c318000 rw-p 00000000 00:00 0 
7f902c318000-7f902c31c000 ---p 00000000 00:00 0 
7f902c31c000-7f902c419000 rw-p 00000000 00:00 0 
7f902c419000-7f902c6f6000 r--p 00000000 08:05 3148343                    /usr/lib/locale/locale-archive
7f902c6f6000-7f902c6fa000 ---p 00000000 00:00 0 
7f902c6fa000-7f902c7f7000 rw-p 00000000 00:00 0 
7f902c7f7000-7f902c7fb000 ---p 00000000 00:00 0 
7f902c7fb000-7f902c8f8000 rw-p 00000000 00:00 0 
7f902c8f8000-7f902c8f9000 ---p 00000000 00:00 0 
7f902c8f9000-7f902d06f000 rw-p 00000000 00:00 0 
7f902d06f000-7f902d26f000 ---p 00000000 00:00 0 
7f902d26f000-7f902d673000 rw-p 00000000 00:00 0 
7f902d673000-7f902d674000 ---p 00000000 00:00 0 
7f902d674000-7f902d774000 rw-p 00000000 00:00 0 
7f902d774000-7f902d775000 ---p 00000000 00:00 0 
7f902d775000-7f902da55000 rw-p 00000000 00:00 0 
7f902da55000-7f902f675000 ---p 00000000 00:00 0 
7f902f675000-7f902f6b1000 rw-p 00000000 00:00 0 
7f902f6b1000-7f902fa35000 ---p 00000000 00:00 0 
7f902fa35000-7f902fca5000 rwxp 00000000 00:00 0 
7f902fca5000-7f902ffc5000 ---p 00000000 00:00 0 
7f902ffc5000-7f9030235000 rwxp 00000000 00:00 0 
7f9030235000-7f90374fd000 ---p 00000000 00:00 0 
7f90374fd000-7f903776d000 rwxp 00000000 00:00 0 
7f903776d000-7f903ea35000 ---p 00000000 00:00 0 
7f903ea35000-7f9048000000 r--s 00000000 08:05 3162814                    /usr/lib/jvm/java-9-openjdk-amd64/lib/modules
7f9048000000-7f9048273000 rw-p 00000000 00:00 0 
7f9048273000-7f904c000000 ---p 00000000 00:00 0 
7f904c007000-7f904c0c6000 rw-p 00000000 00:00 0 
7f904c0c6000-7f904c80a000 ---p 00000000 00:00 0 
7f904c80a000-7f904c846000 rw-p 00000000 00:00 0 
7f904c846000-7f904cbca000 ---p 00000000 00:00 0 
7f904cbca000-7f904cbcb000 ---p 00000000 00:00 0 
7f904cbcb000-7f904cccb000 rw-p 00000000 00:00 0 
7f904cccb000-7f904cccc000 ---p 00000000 00:00 0 
7f904cccc000-7f904cdcc000 rw-p 00000000 00:00 0 
7f904cdcc000-7f904cdcd000 ---p 00000000 00:00 0 
7f904cdcd000-7f904cecd000 rw-p 00000000 00:00 0 
7f904cecd000-7f904cece000 ---p 00000000 00:00 0 
7f904cece000-7f904cfce000 rw-p 00000000 00:00 0 
7f904cfce000-7f904cfcf000 ---p 00000000 00:00 0 
7f904cfcf000-7f904d4d3000 rw-p 00000000 00:00 0 
7f904d4d3000-7f904d4d4000 ---p 00000000 00:00 0 
7f904d4d4000-7f904d5d4000 rw-p 00000000 00:00 0 
7f904d5d4000-7f904d5d5000 ---p 00000000 00:00 0 
7f904d5d5000-7f904d6d5000 rw-p 00000000 00:00 0 
7f904d6d5000-7f904d6d6000 ---p 00000000 00:00 0 
7f904d6d6000-7f904d7d6000 rw-p 00000000 00:00 0 
7f904d7d6000-7f904d7d7000 ---p 00000000 00:00 0 
7f904d7d7000-7f904d8dc000 rw-p 00000000 00:00 0 
7f904d8dc000-7f904d9c2000 ---p 00000000 00:00 0 
7f904d9c2000-7f904d9c7000 rw-p 00000000 00:00 0 
7f904d9c7000-7f904daad000 ---p 00000000 00:00 0 
7f904daad000-7f904dab2000 r-xp 00000000 08:05 3162796                    /usr/lib/jvm/java-9-openjdk-amd64/lib/libjimage.so
7f904dab2000-7f904dcb1000 ---p 00005000 08:05 3162796                    /usr/lib/jvm/java-9-openjdk-amd64/lib/libjimage.so
7f904dcb1000-7f904dcb2000 r--p 00004000 08:05 3162796                    /usr/lib/jvm/java-9-openjdk-amd64/lib/libjimage.so
7f904dcb2000-7f904dcb3000 rw-p 00005000 08:05 3162796                    /usr/lib/jvm/java-9-openjdk-amd64/lib/libjimage.so
7f904dcb3000-7f904dcba000 r-xp 00000000 08:05 3162813                    /usr/lib/jvm/java-9-openjdk-amd64/lib/libzip.so
7f904dcba000-7f904deb9000 ---p 00007000 08:05 3162813                    /usr/lib/jvm/java-9-openjdk-amd64/lib/libzip.so
7f904deb9000-7f904deba000 r--p 00006000 08:05 3162813                    /usr/lib/jvm/java-9-openjdk-amd64/lib/libzip.so
7f904deba000-7f904debb000 rw-p 00007000 08:05 3162813                    /usr/lib/jvm/java-9-openjdk-amd64/lib/libzip.so
7f904debb000-7f904dec6000 r-xp 00000000 08:05 1704029                    /lib/x86_64-linux-gnu/libnss_files-2.26.so
7f904dec6000-7f904e0c5000 ---p 0000b000 08:05 1704029                    /lib/x86_64-linux-gnu/libnss_files-2.26.so
7f904e0c5000-7f904e0c6000 r--p 0000a000 08:05 1704029                    /lib/x86_64-linux-gnu/libnss_files-2.26.so
7f904e0c6000-7f904e0c7000 rw-p 0000b000 08:05 1704029                    /lib/x86_64-linux-gnu/libnss_files-2.26.so
7f904e0c7000-7f904e0cd000 rw-p 00000000 00:00 0 
7f904e0cd000-7f904e0d8000 r-xp 00000000 08:05 1704031                    /lib/x86_64-linux-gnu/libnss_nis-2.26.so
7f904e0d8000-7f904e2d7000 ---p 0000b000 08:05 1704031                    /lib/x86_64-linux-gnu/libnss_nis-2.26.so
7f904e2d7000-7f904e2d8000 r--p 0000a000 08:05 1704031                    /lib/x86_64-linux-gnu/libnss_nis-2.26.so
7f904e2d8000-7f904e2d9000 rw-p 0000b000 08:05 1704031                    /lib/x86_64-linux-gnu/libnss_nis-2.26.so
7f904e2d9000-7f904e2f0000 r-xp 00000000 08:05 1704026                    /lib/x86_64-linux-gnu/libnsl-2.26.so
7f904e2f0000-7f904e4ef000 ---p 00017000 08:05 1704026                    /lib/x86_64-linux-gnu/libnsl-2.26.so
7f904e4ef000-7f904e4f0000 r--p 00016000 08:05 1704026                    /lib/x86_64-linux-gnu/libnsl-2.26.so
7f904e4f0000-7f904e4f1000 rw-p 00017000 08:05 1704026                    /lib/x86_64-linux-gnu/libnsl-2.26.so
7f904e4f1000-7f904e4f3000 rw-p 00000000 00:00 0 
7f904e4f3000-7f904e4fb000 r-xp 00000000 08:05 1704027                    /lib/x86_64-linux-gnu/libnss_compat-2.26.so
7f904e4fb000-7f904e6fa000 ---p 00008000 08:05 1704027                    /lib/x86_64-linux-gnu/libnss_compat-2.26.so
7f904e6fa000-7f904e6fb000 r--p 00007000 08:05 1704027                    /lib/x86_64-linux-gnu/libnss_compat-2.26.so
7f904e6fb000-7f904e6fc000 rw-p 00008000 08:05 1704027                    /lib/x86_64-linux-gnu/libnss_compat-2.26.so
7f904e6fc000-7f904e738000 r-xp 00000000 08:05 3162794                    /usr/lib/jvm/java-9-openjdk-amd64/lib/libjdwp.so
7f904e738000-7f904e938000 ---p 0003c000 08:05 3162794                    /usr/lib/jvm/java-9-openjdk-amd64/lib/libjdwp.so
7f904e938000-7f904e939000 r--p 0003c000 08:05 3162794                    /usr/lib/jvm/java-9-openjdk-amd64/lib/libjdwp.so
7f904e939000-7f904e93a000 rw-p 0003d000 08:05 3162794                    /usr/lib/jvm/java-9-openjdk-amd64/lib/libjdwp.so
7f904e93a000-7f904e966000 r-xp 00000000 08:05 3162791                    /usr/lib/jvm/java-9-openjdk-amd64/lib/libjava.so
7f904e966000-7f904eb65000 ---p 0002c000 08:05 3162791                    /usr/lib/jvm/java-9-openjdk-amd64/lib/libjava.so
7f904eb65000-7f904eb66000 r--p 0002b000 08:05 3162791                    /usr/lib/jvm/java-9-openjdk-amd64/lib/libjava.so
7f904eb66000-7f904eb68000 rw-p 0002c000 08:05 3162791                    /usr/lib/jvm/java-9-openjdk-amd64/lib/libjava.so
7f904eb68000-7f904eb75000 r-xp 00000000 08:05 3162812                    /usr/lib/jvm/java-9-openjdk-amd64/lib/libverify.so
7f904eb75000-7f904ed74000 ---p 0000d000 08:05 3162812                    /usr/lib/jvm/java-9-openjdk-amd64/lib/libverify.so
7f904ed74000-7f904ed76000 r--p 0000c000 08:05 3162812                    /usr/lib/jvm/java-9-openjdk-amd64/lib/libverify.so
7f904ed76000-7f904ed77000 rw-p 0000e000 08:05 3162812                    /usr/lib/jvm/java-9-openjdk-amd64/lib/libverify.so
7f904ed77000-7f904ed7e000 r-xp 00000000 08:05 1708984                    /lib/x86_64-linux-gnu/librt-2.26.so
7f904ed7e000-7f904ef7d000 ---p 00007000 08:05 1708984                    /lib/x86_64-linux-gnu/librt-2.26.so
7f904ef7d000-7f904ef7e000 r--p 00006000 08:05 1708984                    /lib/x86_64-linux-gnu/librt-2.26.so
7f904ef7e000-7f904ef7f000 rw-p 00007000 08:05 1708984                    /lib/x86_64-linux-gnu/librt-2.26.so
7f904ef7f000-7f904ef95000 r-xp 00000000 08:05 1709343                    /lib/x86_64-linux-gnu/libgcc_s.so.1
7f904ef95000-7f904f194000 ---p 00016000 08:05 1709343                    /lib/x86_64-linux-gnu/libgcc_s.so.1
7f904f194000-7f904f195000 r--p 00015000 08:05 1709343                    /lib/x86_64-linux-gnu/libgcc_s.so.1
7f904f195000-7f904f196000 rw-p 00016000 08:05 1709343                    /lib/x86_64-linux-gnu/libgcc_s.so.1
7f904f196000-7f904f2eb000 r-xp 00000000 08:05 1704023                    /lib/x86_64-linux-gnu/libm-2.26.so
7f904f2eb000-7f904f4ea000 ---p 00155000 08:05 1704023                    /lib/x86_64-linux-gnu/libm-2.26.so
7f904f4ea000-7f904f4eb000 r--p 00154000 08:05 1704023                    /lib/x86_64-linux-gnu/libm-2.26.so
7f904f4eb000-7f904f4ec000 rw-p 00155000 08:05 1704023                    /lib/x86_64-linux-gnu/libm-2.26.so
7f904f4ec000-7f904f664000 r-xp 00000000 08:05 3156232                    /usr/lib/x86_64-linux-gnu/libstdc++.so.6.0.24
7f904f664000-7f904f863000 ---p 00178000 08:05 3156232                    /usr/lib/x86_64-linux-gnu/libstdc++.so.6.0.24
7f904f863000-7f904f86d000 r--p 00177000 08:05 3156232                    /usr/lib/x86_64-linux-gnu/libstdc++.so.6.0.24
7f904f86d000-7f904f86f000 rw-p 00181000 08:05 3156232                    /usr/lib/x86_64-linux-gnu/libstdc++.so.6.0.24
7f904f86f000-7f904f872000 rw-p 00000000 00:00 0 
7f904f872000-7f905072a000 r-xp 00000000 08:05 3162819                    /usr/lib/jvm/java-9-openjdk-amd64/lib/server/libjvm.so
7f905072a000-7f905092a000 ---p 00eb8000 08:05 3162819                    /usr/lib/jvm/java-9-openjdk-amd64/lib/server/libjvm.so
7f905092a000-7f90509e1000 r--p 00eb8000 08:05 3162819                    /usr/lib/jvm/java-9-openjdk-amd64/lib/server/libjvm.so
7f90509e1000-7f9050a16000 rw-p 00f6f000 08:05 3162819                    /usr/lib/jvm/java-9-openjdk-amd64/lib/server/libjvm.so
7f9050a16000-7f9050a5f000 rw-p 00000000 00:00 0 
7f9050a5f000-7f9050a79000 r-xp 00000000 08:05 1704034                    /lib/x86_64-linux-gnu/libpthread-2.26.so
7f9050a79000-7f9050c78000 ---p 0001a000 08:05 1704034                    /lib/x86_64-linux-gnu/libpthread-2.26.so
7f9050c78000-7f9050c79000 r--p 00019000 08:05 1704034                    /lib/x86_64-linux-gnu/libpthread-2.26.so
7f9050c79000-7f9050c7a000 rw-p 0001a000 08:05 1704034                    /lib/x86_64-linux-gnu/libpthread-2.26.so
7f9050c7a000-7f9050c7e000 rw-p 00000000 00:00 0 
7f9050c7e000-7f9050c81000 r-xp 00000000 08:05 1704022                    /lib/x86_64-linux-gnu/libdl-2.26.so
7f9050c81000-7f9050e80000 ---p 00003000 08:05 1704022                    /lib/x86_64-linux-gnu/libdl-2.26.so
7f9050e80000-7f9050e81000 r--p 00002000 08:05 1704022                    /lib/x86_64-linux-gnu/libdl-2.26.so
7f9050e81000-7f9050e82000 rw-p 00003000 08:05 1704022                    /lib/x86_64-linux-gnu/libdl-2.26.so
7f9050e82000-7f9050e9e000 r-xp 00000000 08:05 1709484                    /lib/x86_64-linux-gnu/libz.so.1.2.11
7f9050e9e000-7f905109d000 ---p 0001c000 08:05 1709484                    /lib/x86_64-linux-gnu/libz.so.1.2.11
7f905109d000-7f905109e000 r--p 0001b000 08:05 1709484                    /lib/x86_64-linux-gnu/libz.so.1.2.11
7f905109e000-7f905109f000 rw-p 0001c000 08:05 1709484                    /lib/x86_64-linux-gnu/libz.so.1.2.11
7f905109f000-7f9051275000 r-xp 00000000 08:05 1704019                    /lib/x86_64-linux-gnu/libc-2.26.so
7f9051275000-7f9051475000 ---p 001d6000 08:05 1704019                    /lib/x86_64-linux-gnu/libc-2.26.so
7f9051475000-7f9051479000 r--p 001d6000 08:05 1704019                    /lib/x86_64-linux-gnu/libc-2.26.so
7f9051479000-7f905147b000 rw-p 001da000 08:05 1704019                    /lib/x86_64-linux-gnu/libc-2.26.so
7f905147b000-7f905147f000 rw-p 00000000 00:00 0 
7f905147f000-7f905148d000 r-xp 00000000 08:05 3162777                    /usr/lib/jvm/java-9-openjdk-amd64/lib/jli/libjli.so
7f905148d000-7f905168d000 ---p 0000e000 08:05 3162777                    /usr/lib/jvm/java-9-openjdk-amd64/lib/jli/libjli.so
7f905168d000-7f905168e000 r--p 0000e000 08:05 3162777                    /usr/lib/jvm/java-9-openjdk-amd64/lib/jli/libjli.so
7f905168e000-7f905168f000 rw-p 0000f000 08:05 3162777                    /usr/lib/jvm/java-9-openjdk-amd64/lib/jli/libjli.so
7f905168f000-7f90516b6000 r-xp 00000000 08:05 1703942                    /lib/x86_64-linux-gnu/ld-2.26.so
7f90516d6000-7f90516dd000 r--s 00000000 08:05 131328                     /usr/lib/x86_64-linux-gnu/gconv/gconv-modules.cache
7f90516dd000-7f9051795000 rw-p 00000000 00:00 0 
7f9051795000-7f9051796000 ---p 00000000 00:00 0 
7f9051796000-7f905179a000 ---p 00000000 00:00 0 
7f905179a000-7f9051898000 rw-p 00000000 00:00 0 
7f905189d000-7f90518a3000 rw-p 00000000 00:00 0 
7f90518a3000-7f90518aa000 ---p 00000000 00:00 0 
7f90518aa000-7f90518b2000 rw-s 00000000 08:05 939579                     /tmp/hsperfdata_mustafa/25507
7f90518b2000-7f90518b3000 rw-p 00000000 00:00 0 
7f90518b3000-7f90518b4000 ---p 00000000 00:00 0 
7f90518b4000-7f90518b6000 rw-p 00000000 00:00 0 
7f90518b6000-7f90518b7000 r--p 00027000 08:05 1703942                    /lib/x86_64-linux-gnu/ld-2.26.so
7f90518b7000-7f90518b8000 rw-p 00028000 08:05 1703942                    /lib/x86_64-linux-gnu/ld-2.26.so
7f90518b8000-7f90518b9000 rw-p 00000000 00:00 0 
7ffc7f6d0000-7ffc7f6f1000 rw-p 00000000 00:00 0                          [stack]
7ffc7f72d000-7ffc7f730000 r--p 00000000 00:00 0                          [vvar]
7ffc7f730000-7ffc7f732000 r-xp 00000000 00:00 0                          [vdso]
ffffffffff600000-ffffffffff601000 r-xp 00000000 00:00 0                  [vsyscall]

VM Arguments:
jvm_args: -agentlib:jdwp=transport=dt_socket,suspend=y,address=localhost:35531 -Dfile.encoding=UTF-8 
java_command: database.MovieDatabase
java_class_path (initial): /media/mustafa/16262892262874C1/workspace/Movie Database/bin
Launcher Type: SUN_STANDARD

Logging:
Log output configuration:
#0: stdout all=warning uptime,level,tags
#1: stderr all=off uptime,level,tags

Environment Variables:
JAVA_HOME=/usr/local/java/jre1.8.0_73
PATH=/home/mustafa/.local/share/umake/bin:/usr/local/sbin:/usr/local/bin:/usr/sbin:/usr/bin:/sbin:/bin:/usr/games:/usr/local/games:/snap/bin:/home/mustafa/bin:/usr/local/java/jre1.8.0_73/bin
USERNAME=mustafa
SHELL=/bin/bash
DISPLAY=:0

Signal Handlers:
SIGSEGV: [libjvm.so+0xc61340], sa_mask[0]=11111111011111111101111111111110, sa_flags=SA_RESTART|SA_SIGINFO
SIGBUS: [libjvm.so+0xc61340], sa_mask[0]=11111111011111111101111111111110, sa_flags=SA_RESTART|SA_SIGINFO
SIGFPE: [libjvm.so+0xc61340], sa_mask[0]=11111111011111111101111111111110, sa_flags=SA_RESTART|SA_SIGINFO
SIGPIPE: [libjvm.so+0xa890e0], sa_mask[0]=11111111011111111101111111111110, sa_flags=SA_RESTART|SA_SIGINFO
SIGXFSZ: [libjvm.so+0xa890e0], sa_mask[0]=11111111011111111101111111111110, sa_flags=SA_RESTART|SA_SIGINFO
SIGILL: [libjvm.so+0xc61340], sa_mask[0]=11111111011111111101111111111110, sa_flags=SA_RESTART|SA_SIGINFO
SIGUSR2: [libjvm.so+0xa88fa0], sa_mask[0]=00100000000000000000000000000000, sa_flags=SA_RESTART|SA_SIGINFO
SIGHUP: [libjvm.so+0xa891a0], sa_mask[0]=11111111011111111101111111111110, sa_flags=SA_RESTART|SA_SIGINFO
SIGINT: [libjvm.so+0xa891a0], sa_mask[0]=11111111011111111101111111111110, sa_flags=SA_RESTART|SA_SIGINFO
SIGTERM: [libjvm.so+0xa891a0], sa_mask[0]=11111111011111111101111111111110, sa_flags=SA_RESTART|SA_SIGINFO
SIGQUIT: [libjvm.so+0xa891a0], sa_mask[0]=11111111011111111101111111111110, sa_flags=SA_RESTART|SA_SIGINFO


---------------  S Y S T E M  ---------------

OS:DISTRIB_ID=Ubuntu
DISTRIB_RELEASE=17.10
DISTRIB_CODENAME=artful
DISTRIB_DESCRIPTION="Ubuntu 17.10"
uname:Linux 4.13.0-32-generic #35-Ubuntu SMP Thu Jan 25 09:13:46 UTC 2018 x86_64
libc:glibc 2.26 NPTL 2.26 
rlimit: STACK 8192k, CORE 0k, NPROC 30500, NOFILE 1048576, AS infinity
load average:1.32 1.19 1.09

/proc/meminfo:
MemTotal:        7863384 kB
MemFree:          127868 kB
MemAvailable:    1296816 kB
Buffers:          179240 kB
Cached:          1664524 kB
SwapCached:            0 kB
Active:          5867224 kB
Inactive:        1481476 kB
Active(anon):    5152808 kB
Inactive(anon):   849480 kB
Active(file):     714416 kB
Inactive(file):   631996 kB
Unevictable:         128 kB
Mlocked:             128 kB
SwapTotal:       2097148 kB
SwapFree:        2097148 kB
Dirty:               756 kB
Writeback:             0 kB
AnonPages:       5505336 kB
Mapped:           812692 kB
Shmem:            792720 kB
Slab:             168504 kB
SReclaimable:      96424 kB
SUnreclaim:        72080 kB
KernelStack:       22672 kB
PageTables:        94864 kB
NFS_Unstable:          0 kB
Bounce:                0 kB
WritebackTmp:          0 kB
CommitLimit:     6028840 kB
Committed_AS:   14392052 kB
VmallocTotal:   34359738367 kB
VmallocUsed:           0 kB
VmallocChunk:          0 kB
HardwareCorrupted:     0 kB
AnonHugePages:         0 kB
ShmemHugePages:        0 kB
ShmemPmdMapped:        0 kB
CmaTotal:              0 kB
CmaFree:               0 kB
HugePages_Total:       0
HugePages_Free:        0
HugePages_Rsvd:        0
HugePages_Surp:        0
Hugepagesize:       2048 kB
DirectMap4k:      407288 kB
DirectMap2M:     7673856 kB
DirectMap1G:     1048576 kB


CPU:total 4 (initial active 4) (2 cores per cpu, 2 threads per core) family 6 model 78 stepping 3, cmov, cx8, fxsr, mmx, sse, sse2, sse3, ssse3, sse4.1, sse4.2, popcnt, avx, avx2, aes, clmul, erms, 3dnowpref, lzcnt, ht, tsc, tscinvbit, bmi1, bmi2, adx, fma
CPU Model and flags from /proc/cpuinfo:
model name	: Intel(R) Core(TM) i7-6500U CPU @ 2.50GHz
flags		: fpu vme de pse tsc msr pae mce cx8 apic sep mtrr pge mca cmov pat pse36 clflush dts acpi mmx fxsr sse sse2 ss ht tm pbe syscall nx pdpe1gb rdtscp lm constant_tsc art arch_perfmon pebs bts rep_good nopl xtopology nonstop_tsc cpuid aperfmperf tsc_known_freq pni pclmulqdq dtes64 monitor ds_cpl vmx est tm2 ssse3 sdbg fma cx16 xtpr pdcm pcid sse4_1 sse4_2 x2apic movbe popcnt tsc_deadline_timer aes xsave avx f16c rdrand lahf_lm abm 3dnowprefetch cpuid_fault epb invpcid_single pti intel_pt tpr_shadow vnmi flexpriority ept vpid fsgsbase tsc_adjust bmi1 avx2 smep bmi2 erms invpcid mpx rdseed adx smap clflushopt xsaveopt xsavec xgetbv1 xsaves dtherm ida arat pln pts hwp hwp_notify hwp_act_window hwp_epp

Memory: 4k page, physical 7863384k(127868k free), swap 2097148k(2097148k free)

vm_info: OpenJDK 64-Bit Server VM (9-Ubuntu+0-9b181-4) for linux-amd64 JRE (9-Ubuntu+0-9b181-4), built on Aug 24 2017 17:15:14 by "buildd" with gcc 6.4.0 20170820

END.
