#
# A fatal error has been detected by the Java Runtime Environment:
#
#  SIGSEGV (0xb) at pc=0x00007ff3a69b1200, pid=32256, tid=32259
#
# JRE version: OpenJDK Runtime Environment (9.0) (build 9-Ubuntu+0-9b181-4)
# Java VM: OpenJDK 64-Bit Server VM (9-Ubuntu+0-9b181-4, mixed mode, tiered, compressed oops, g1 gc, linux-amd64)
# Problematic frame:
# j  database.MovieDatabase.main([Ljava/lang/String;)V+596
#
# Core dump will be written. Default location: Core dumps may be processed with "/usr/share/apport/apport %p %s %c %d %P" (or dumping to /media/mustafa/16262892262874C1/workspace/Movie Database/core.32256)
#
# If you would like to submit a bug report, please visit:
#   http://bugreport.java.com/bugreport/crash.jsp
#

---------------  S U M M A R Y ------------

Command Line: -agentlib:jdwp=transport=dt_socket,suspend=y,address=localhost:35463 -Dfile.encoding=UTF-8 database.MovieDatabase

Host: Intel(R) Core(TM) i7-6500U CPU @ 2.50GHz, 4 cores, 7G, Ubuntu 17.10
Time: Wed Feb 14 04:26:12 2018 EET elapsed time: 412 seconds (0d 0h 6m 52s)

---------------  T H R E A D  ---------------

Current thread (0x00007ff3c0013000):  JavaThread "main" [_thread_in_Java, id=32259, stack(0x00007ff3c6d28000,0x00007ff3c6e28000)]

Stack: [0x00007ff3c6d28000,0x00007ff3c6e28000],  sp=0x00007ff3c6e26940,  free space=1018k
Native frames: (J=compiled Java code, A=aot compiled Java code, j=interpreted, Vv=VM code, C=native code)
j  database.MovieDatabase.main([Ljava/lang/String;)V+596
v  ~StubRoutines::call_stub
V  [libjvm.so+0x7bd1e4]
V  [libjvm.so+0x7da86d]
V  [libjvm.so+0x7ddcb7]
C  [libjli.so+0x45c2]
C  [libjli.so+0x831d]
C  [libpthread.so.0+0x77fc]  start_thread+0xdc


siginfo: si_signo: 11 (SIGSEGV), si_code: 1 (SEGV_MAPERR), si_addr: 0x00007ff433c3e968

Register to memory mapping:

RAX=0x000000008f62a328 is an oop
database.MovieDatabase 
{0x000000008f62a328} - klass: 'database/MovieDatabase'
RBX=0x00007ff3a4614640 is an unknown value
RCX=0x00007ff375c02028 is pointing into metadata
RDX=0x00007ff3c5fc8cb8: <offset 0x00000000011c4cb8> in /usr/lib/jvm/java-9-openjdk-amd64/lib/server/libjvm.so at 0x00007ff3c4e04000
RSP=0x00007ff3c6e26940 is pointing into the stack for thread: 0x00007ff3c0013000
RBP=0x00007ff3c6e26990 is pointing into the stack for thread: 0x00007ff3c0013000
RSI=0x0000000000000001 is an unknown value
RDI=0x0000000000000000 is an unknown value
R8 ={method} {0x00007ff375c01910} 'main' '([Ljava/lang/String;)V' in 'database/MovieDatabase'
R9 =0x0000000000000002 is an unknown value
R10=0x00007ff3c5fde0c0: <offset 0x00000000011da0c0> in /usr/lib/jvm/java-9-openjdk-amd64/lib/server/libjvm.so at 0x00007ff3c4e04000
R11=0x0000000000000000 is an unknown value
R12=0x0000000000000000 is an unknown value
R13=0x00007ff375c016cc is pointing into metadata
R14=0x00007ff3c6e26a18 is pointing into the stack for thread: 0x00007ff3c0013000
R15=0x00007ff3c0013000 is a thread


Registers:
RAX=0x000000008f62a328, RBX=0x00007ff3a4614640, RCX=0x00007ff375c02028, RDX=0x00007ff3c5fc8cb8
RSP=0x00007ff3c6e26940, RBP=0x00007ff3c6e26990, RSI=0x0000000000000001, RDI=0x0000000000000000
R8 =0x00007ff375c01910, R9 =0x0000000000000002, R10=0x00007ff3c5fde0c0, R11=0x0000000000000000
R12=0x0000000000000000, R13=0x00007ff375c016cc, R14=0x00007ff3c6e26a18, R15=0x00007ff3c0013000
RIP=0x00007ff3a69b1200, EFLAGS=0x0000000000010206, CSGSFS=0x002b000000000033, ERR=0x0000000000000004
  TRAPNO=0x000000000000000e

Top of Stack: (sp=0x00007ff3c6e26940)
0x00007ff3c6e26940:   0000000000000001 00007ff3c6e26948
0x00007ff3c6e26950:   00007ff375c016cc 00007ff3c6e26a18
0x00007ff3c6e26960:   00007ff375c02028 0000000000000000
0x00007ff3c6e26970:   000000008f629730 00007ff375c01910 

Instructions: (pc=0x00007ff3a69b1200)
0x00007ff3a69b11e0:   fc ff 4c 8b 6d c0 4c 8b 75 c8 c3 58 41 0f b7 5d
0x00007ff3a69b11f0:   01 48 8b 4d d0 c1 e3 02 48 8b 5c d9 20 48 3b 00
0x00007ff3a69b1200:   8b 04 18 41 0f b6 5d 03 49 83 c5 03 49 ba c0 28
0x00007ff3a69b1210:   fe c5 f3 7f 00 00 41 ff 24 da 66 0f 1f 44 00 00 

fast_agetfield  203 fast_agetfield  [0x00007ff3a69b10a0, 0x00007ff3a69b1220]  384 bytes

---------------  P R O C E S S  ---------------

Java Threads: ( => current thread )
  0x00007ff3c01e9000 JavaThread "Service Thread" daemon [_thread_blocked, id=32292, stack(0x00007ff374aca000,0x00007ff374bcb000)]
  0x00007ff344001800 JavaThread "JDWP Command Reader" daemon [_thread_in_native, id=32289, stack(0x00007ff374bcb000,0x00007ff374ccc000)]
  0x00007ff3c01e7000 JavaThread "JDWP Event Helper Thread" daemon [_thread_blocked, id=32288, stack(0x00007ff374ccc000,0x00007ff374dcd000)]
  0x00007ff3c01e3800 JavaThread "JDWP Transport Listener: dt_socket" daemon [_thread_blocked, id=32285, stack(0x00007ff374dcd000,0x00007ff374ece000)]
  0x00007ff3c0174000 JavaThread "Common-Cleaner" daemon [_thread_blocked, id=32282, stack(0x00007ff3750d3000,0x00007ff3751d4000)]
  0x00007ff3c015f800 JavaThread "Sweeper thread" daemon [_thread_blocked, id=32281, stack(0x00007ff3755fe000,0x00007ff3756ff000)]
  0x00007ff3c015d800 JavaThread "C1 CompilerThread2" daemon [_thread_blocked, id=32280, stack(0x00007ff3756ff000,0x00007ff375800000)]
  0x00007ff3c015b800 JavaThread "C2 CompilerThread1" daemon [_thread_blocked, id=32279, stack(0x00007ff37c022000,0x00007ff37c123000)]
  0x00007ff3c0159800 JavaThread "C2 CompilerThread0" daemon [_thread_blocked, id=32278, stack(0x00007ff3a407e000,0x00007ff3a417f000)]
  0x00007ff3c0155800 JavaThread "Signal Dispatcher" daemon [_thread_blocked, id=32277, stack(0x00007ff3a417f000,0x00007ff3a4280000)]
  0x00007ff3c013d000 JavaThread "Finalizer" daemon [_thread_blocked, id=32276, stack(0x00007ff3a4280000,0x00007ff3a4381000)]
  0x00007ff3c0134800 JavaThread "Reference Handler" daemon [_thread_blocked, id=32275, stack(0x00007ff3a4381000,0x00007ff3a4482000)]
=>0x00007ff3c0013000 JavaThread "main" [_thread_in_Java, id=32259, stack(0x00007ff3c6d28000,0x00007ff3c6e28000)]

Other Threads:
  0x00007ff3c012a800 VMThread "VM Thread" [stack: 0x00007ff3a4483000,0x00007ff3a4583000] [id=32274]
  0x00007ff3c01eb800 WatcherThread [stack: 0x00007ff3749ca000,0x00007ff374aca000] [id=32293]
  0x00007ff3c0028800 GCTaskThread "GC Thread#0" [stack: 0x00007ff3a678f000,0x00007ff3a688f000] [id=32263]
  0x00007ff3c002a000 GCTaskThread "GC Thread#1" [stack: 0x00007ff3a668e000,0x00007ff3a678e000] [id=32264]
  0x00007ff3c002b800 GCTaskThread "GC Thread#2" [stack: 0x00007ff3a658d000,0x00007ff3a668d000] [id=32265]
  0x00007ff3c002d800 GCTaskThread "GC Thread#3" [stack: 0x00007ff3a648c000,0x00007ff3a658c000] [id=32266]
  0x00007ff3c005b000 ConcurrentGCThread "G1 Main Marker" [stack: 0x00007ff3a4b82000,0x00007ff3a4c82000] [id=32272]
  0x00007ff3c005c800 ConcurrentGCThread "G1 Marker#0" [stack: 0x00007ff3a4a81000,0x00007ff3a4b81000] [id=32273]
  0x00007ff3c0034800 ConcurrentGCThread "G1 Refine#0" [stack: 0x00007ff3a5c84000,0x00007ff3a5d84000] [id=32270]
  0x00007ff3c0033000 ConcurrentGCThread "G1 Refine#1" [stack: 0x00007ff3a5d85000,0x00007ff3a5e85000] [id=32269]
  0x00007ff3c0031000 ConcurrentGCThread "G1 Refine#2" [stack: 0x00007ff3a5e86000,0x00007ff3a5f86000] [id=32268]
  0x00007ff3c002f800 ConcurrentGCThread "G1 Refine#3" [stack: 0x00007ff3a5f87000,0x00007ff3a6087000] [id=32267]
  0x00007ff3c0036800 ConcurrentGCThread "G1 Young RemSet Sampling" [stack: 0x00007ff3a5b83000,0x00007ff3a5c83000] [id=32271]

Threads with active compile tasks:

VM state:not at safepoint (normal execution)

VM Mutex/Monitor currently owned by a thread: None

Heap address: 0x0000000088000000, size: 1920 MB, Compressed Oops mode: 32-bit
Narrow klass base: 0x0000000000000000, Narrow klass shift: 3
Compressed class space size: 1073741824 Address: 0x0000000100000000

Heap:
 garbage-first heap   total 122880K, used 6144K [0x0000000088000000, 0x00000000881003c0, 0x0000000100000000)
  region size 1024K, 7 young (7168K), 0 survivors (0K)
 Metaspace       used 6466K, capacity 6568K, committed 6784K, reserved 1056768K
  class space    used 531K, capacity 553K, committed 640K, reserved 1048576K
Heap Regions: E=young(eden), S=young(survivor), O=old, HS=humongous(starts), HC=humongous(continues), CS=collection set, F=free, A=archive, TS=gc time stamp, AC=allocation context, TAMS=top-at-mark-start (previous, next)
|   0|0x0000000088000000, 0x0000000088000000, 0x0000000088100000|  0%| F|  |TS  0|AC  0|TAMS 0x0000000088000000, 0x0000000088000000|
|   1|0x0000000088100000, 0x0000000088100000, 0x0000000088200000|  0%| F|  |TS  0|AC  0|TAMS 0x0000000088100000, 0x0000000088100000|
|   2|0x0000000088200000, 0x0000000088200000, 0x0000000088300000|  0%| F|  |TS  0|AC  0|TAMS 0x0000000088200000, 0x0000000088200000|
|   3|0x0000000088300000, 0x0000000088300000, 0x0000000088400000|  0%| F|  |TS  0|AC  0|TAMS 0x0000000088300000, 0x0000000088300000|
|   4|0x0000000088400000, 0x0000000088400000, 0x0000000088500000|  0%| F|  |TS  0|AC  0|TAMS 0x0000000088400000, 0x0000000088400000|
|   5|0x0000000088500000, 0x0000000088500000, 0x0000000088600000|  0%| F|  |TS  0|AC  0|TAMS 0x0000000088500000, 0x0000000088500000|
|   6|0x0000000088600000, 0x0000000088600000, 0x0000000088700000|  0%| F|  |TS  0|AC  0|TAMS 0x0000000088600000, 0x0000000088600000|
|   7|0x0000000088700000, 0x0000000088700000, 0x0000000088800000|  0%| F|  |TS  0|AC  0|TAMS 0x0000000088700000, 0x0000000088700000|
|   8|0x0000000088800000, 0x0000000088800000, 0x0000000088900000|  0%| F|  |TS  0|AC  0|TAMS 0x0000000088800000, 0x0000000088800000|
|   9|0x0000000088900000, 0x0000000088900000, 0x0000000088a00000|  0%| F|  |TS  0|AC  0|TAMS 0x0000000088900000, 0x0000000088900000|
|  10|0x0000000088a00000, 0x0000000088a00000, 0x0000000088b00000|  0%| F|  |TS  0|AC  0|TAMS 0x0000000088a00000, 0x0000000088a00000|
|  11|0x0000000088b00000, 0x0000000088b00000, 0x0000000088c00000|  0%| F|  |TS  0|AC  0|TAMS 0x0000000088b00000, 0x0000000088b00000|
|  12|0x0000000088c00000, 0x0000000088c00000, 0x0000000088d00000|  0%| F|  |TS  0|AC  0|TAMS 0x0000000088c00000, 0x0000000088c00000|
|  13|0x0000000088d00000, 0x0000000088d00000, 0x0000000088e00000|  0%| F|  |TS  0|AC  0|TAMS 0x0000000088d00000, 0x0000000088d00000|
|  14|0x0000000088e00000, 0x0000000088e00000, 0x0000000088f00000|  0%| F|  |TS  0|AC  0|TAMS 0x0000000088e00000, 0x0000000088e00000|
|  15|0x0000000088f00000, 0x0000000088f00000, 0x0000000089000000|  0%| F|  |TS  0|AC  0|TAMS 0x0000000088f00000, 0x0000000088f00000|
|  16|0x0000000089000000, 0x0000000089000000, 0x0000000089100000|  0%| F|  |TS  0|AC  0|TAMS 0x0000000089000000, 0x0000000089000000|
|  17|0x0000000089100000, 0x0000000089100000, 0x0000000089200000|  0%| F|  |TS  0|AC  0|TAMS 0x0000000089100000, 0x0000000089100000|
|  18|0x0000000089200000, 0x0000000089200000, 0x0000000089300000|  0%| F|  |TS  0|AC  0|TAMS 0x0000000089200000, 0x0000000089200000|
|  19|0x0000000089300000, 0x0000000089300000, 0x0000000089400000|  0%| F|  |TS  0|AC  0|TAMS 0x0000000089300000, 0x0000000089300000|
|  20|0x0000000089400000, 0x0000000089400000, 0x0000000089500000|  0%| F|  |TS  0|AC  0|TAMS 0x0000000089400000, 0x0000000089400000|
|  21|0x0000000089500000, 0x0000000089500000, 0x0000000089600000|  0%| F|  |TS  0|AC  0|TAMS 0x0000000089500000, 0x0000000089500000|
|  22|0x0000000089600000, 0x0000000089600000, 0x0000000089700000|  0%| F|  |TS  0|AC  0|TAMS 0x0000000089600000, 0x0000000089600000|
|  23|0x0000000089700000, 0x0000000089700000, 0x0000000089800000|  0%| F|  |TS  0|AC  0|TAMS 0x0000000089700000, 0x0000000089700000|
|  24|0x0000000089800000, 0x0000000089800000, 0x0000000089900000|  0%| F|  |TS  0|AC  0|TAMS 0x0000000089800000, 0x0000000089800000|
|  25|0x0000000089900000, 0x0000000089900000, 0x0000000089a00000|  0%| F|  |TS  0|AC  0|TAMS 0x0000000089900000, 0x0000000089900000|
|  26|0x0000000089a00000, 0x0000000089a00000, 0x0000000089b00000|  0%| F|  |TS  0|AC  0|TAMS 0x0000000089a00000, 0x0000000089a00000|
|  27|0x0000000089b00000, 0x0000000089b00000, 0x0000000089c00000|  0%| F|  |TS  0|AC  0|TAMS 0x0000000089b00000, 0x0000000089b00000|
|  28|0x0000000089c00000, 0x0000000089c00000, 0x0000000089d00000|  0%| F|  |TS  0|AC  0|TAMS 0x0000000089c00000, 0x0000000089c00000|
|  29|0x0000000089d00000, 0x0000000089d00000, 0x0000000089e00000|  0%| F|  |TS  0|AC  0|TAMS 0x0000000089d00000, 0x0000000089d00000|
|  30|0x0000000089e00000, 0x0000000089e00000, 0x0000000089f00000|  0%| F|  |TS  0|AC  0|TAMS 0x0000000089e00000, 0x0000000089e00000|
|  31|0x0000000089f00000, 0x0000000089f00000, 0x000000008a000000|  0%| F|  |TS  0|AC  0|TAMS 0x0000000089f00000, 0x0000000089f00000|
|  32|0x000000008a000000, 0x000000008a000000, 0x000000008a100000|  0%| F|  |TS  0|AC  0|TAMS 0x000000008a000000, 0x000000008a000000|
|  33|0x000000008a100000, 0x000000008a100000, 0x000000008a200000|  0%| F|  |TS  0|AC  0|TAMS 0x000000008a100000, 0x000000008a100000|
|  34|0x000000008a200000, 0x000000008a200000, 0x000000008a300000|  0%| F|  |TS  0|AC  0|TAMS 0x000000008a200000, 0x000000008a200000|
|  35|0x000000008a300000, 0x000000008a300000, 0x000000008a400000|  0%| F|  |TS  0|AC  0|TAMS 0x000000008a300000, 0x000000008a300000|
|  36|0x000000008a400000, 0x000000008a400000, 0x000000008a500000|  0%| F|  |TS  0|AC  0|TAMS 0x000000008a400000, 0x000000008a400000|
|  37|0x000000008a500000, 0x000000008a500000, 0x000000008a600000|  0%| F|  |TS  0|AC  0|TAMS 0x000000008a500000, 0x000000008a500000|
|  38|0x000000008a600000, 0x000000008a600000, 0x000000008a700000|  0%| F|  |TS  0|AC  0|TAMS 0x000000008a600000, 0x000000008a600000|
|  39|0x000000008a700000, 0x000000008a700000, 0x000000008a800000|  0%| F|  |TS  0|AC  0|TAMS 0x000000008a700000, 0x000000008a700000|
|  40|0x000000008a800000, 0x000000008a800000, 0x000000008a900000|  0%| F|  |TS  0|AC  0|TAMS 0x000000008a800000, 0x000000008a800000|
|  41|0x000000008a900000, 0x000000008a900000, 0x000000008aa00000|  0%| F|  |TS  0|AC  0|TAMS 0x000000008a900000, 0x000000008a900000|
|  42|0x000000008aa00000, 0x000000008aa00000, 0x000000008ab00000|  0%| F|  |TS  0|AC  0|TAMS 0x000000008aa00000, 0x000000008aa00000|
|  43|0x000000008ab00000, 0x000000008ab00000, 0x000000008ac00000|  0%| F|  |TS  0|AC  0|TAMS 0x000000008ab00000, 0x000000008ab00000|
|  44|0x000000008ac00000, 0x000000008ac00000, 0x000000008ad00000|  0%| F|  |TS  0|AC  0|TAMS 0x000000008ac00000, 0x000000008ac00000|
|  45|0x000000008ad00000, 0x000000008ad00000, 0x000000008ae00000|  0%| F|  |TS  0|AC  0|TAMS 0x000000008ad00000, 0x000000008ad00000|
|  46|0x000000008ae00000, 0x000000008ae00000, 0x000000008af00000|  0%| F|  |TS  0|AC  0|TAMS 0x000000008ae00000, 0x000000008ae00000|
|  47|0x000000008af00000, 0x000000008af00000, 0x000000008b000000|  0%| F|  |TS  0|AC  0|TAMS 0x000000008af00000, 0x000000008af00000|
|  48|0x000000008b000000, 0x000000008b000000, 0x000000008b100000|  0%| F|  |TS  0|AC  0|TAMS 0x000000008b000000, 0x000000008b000000|
|  49|0x000000008b100000, 0x000000008b100000, 0x000000008b200000|  0%| F|  |TS  0|AC  0|TAMS 0x000000008b100000, 0x000000008b100000|
|  50|0x000000008b200000, 0x000000008b200000, 0x000000008b300000|  0%| F|  |TS  0|AC  0|TAMS 0x000000008b200000, 0x000000008b200000|
|  51|0x000000008b300000, 0x000000008b300000, 0x000000008b400000|  0%| F|  |TS  0|AC  0|TAMS 0x000000008b300000, 0x000000008b300000|
|  52|0x000000008b400000, 0x000000008b400000, 0x000000008b500000|  0%| F|  |TS  0|AC  0|TAMS 0x000000008b400000, 0x000000008b400000|
|  53|0x000000008b500000, 0x000000008b500000, 0x000000008b600000|  0%| F|  |TS  0|AC  0|TAMS 0x000000008b500000, 0x000000008b500000|
|  54|0x000000008b600000, 0x000000008b600000, 0x000000008b700000|  0%| F|  |TS  0|AC  0|TAMS 0x000000008b600000, 0x000000008b600000|
|  55|0x000000008b700000, 0x000000008b700000, 0x000000008b800000|  0%| F|  |TS  0|AC  0|TAMS 0x000000008b700000, 0x000000008b700000|
|  56|0x000000008b800000, 0x000000008b800000, 0x000000008b900000|  0%| F|  |TS  0|AC  0|TAMS 0x000000008b800000, 0x000000008b800000|
|  57|0x000000008b900000, 0x000000008b900000, 0x000000008ba00000|  0%| F|  |TS  0|AC  0|TAMS 0x000000008b900000, 0x000000008b900000|
|  58|0x000000008ba00000, 0x000000008ba00000, 0x000000008bb00000|  0%| F|  |TS  0|AC  0|TAMS 0x000000008ba00000, 0x000000008ba00000|
|  59|0x000000008bb00000, 0x000000008bb00000, 0x000000008bc00000|  0%| F|  |TS  0|AC  0|TAMS 0x000000008bb00000, 0x000000008bb00000|
|  60|0x000000008bc00000, 0x000000008bc00000, 0x000000008bd00000|  0%| F|  |TS  0|AC  0|TAMS 0x000000008bc00000, 0x000000008bc00000|
|  61|0x000000008bd00000, 0x000000008bd00000, 0x000000008be00000|  0%| F|  |TS  0|AC  0|TAMS 0x000000008bd00000, 0x000000008bd00000|
|  62|0x000000008be00000, 0x000000008be00000, 0x000000008bf00000|  0%| F|  |TS  0|AC  0|TAMS 0x000000008be00000, 0x000000008be00000|
|  63|0x000000008bf00000, 0x000000008bf00000, 0x000000008c000000|  0%| F|  |TS  0|AC  0|TAMS 0x000000008bf00000, 0x000000008bf00000|
|  64|0x000000008c000000, 0x000000008c000000, 0x000000008c100000|  0%| F|  |TS  0|AC  0|TAMS 0x000000008c000000, 0x000000008c000000|
|  65|0x000000008c100000, 0x000000008c100000, 0x000000008c200000|  0%| F|  |TS  0|AC  0|TAMS 0x000000008c100000, 0x000000008c100000|
|  66|0x000000008c200000, 0x000000008c200000, 0x000000008c300000|  0%| F|  |TS  0|AC  0|TAMS 0x000000008c200000, 0x000000008c200000|
|  67|0x000000008c300000, 0x000000008c300000, 0x000000008c400000|  0%| F|  |TS  0|AC  0|TAMS 0x000000008c300000, 0x000000008c300000|
|  68|0x000000008c400000, 0x000000008c400000, 0x000000008c500000|  0%| F|  |TS  0|AC  0|TAMS 0x000000008c400000, 0x000000008c400000|
|  69|0x000000008c500000, 0x000000008c500000, 0x000000008c600000|  0%| F|  |TS  0|AC  0|TAMS 0x000000008c500000, 0x000000008c500000|
|  70|0x000000008c600000, 0x000000008c600000, 0x000000008c700000|  0%| F|  |TS  0|AC  0|TAMS 0x000000008c600000, 0x000000008c600000|
|  71|0x000000008c700000, 0x000000008c700000, 0x000000008c800000|  0%| F|  |TS  0|AC  0|TAMS 0x000000008c700000, 0x000000008c700000|
|  72|0x000000008c800000, 0x000000008c800000, 0x000000008c900000|  0%| F|  |TS  0|AC  0|TAMS 0x000000008c800000, 0x000000008c800000|
|  73|0x000000008c900000, 0x000000008c900000, 0x000000008ca00000|  0%| F|  |TS  0|AC  0|TAMS 0x000000008c900000, 0x000000008c900000|
|  74|0x000000008ca00000, 0x000000008ca00000, 0x000000008cb00000|  0%| F|  |TS  0|AC  0|TAMS 0x000000008ca00000, 0x000000008ca00000|
|  75|0x000000008cb00000, 0x000000008cb00000, 0x000000008cc00000|  0%| F|  |TS  0|AC  0|TAMS 0x000000008cb00000, 0x000000008cb00000|
|  76|0x000000008cc00000, 0x000000008cc00000, 0x000000008cd00000|  0%| F|  |TS  0|AC  0|TAMS 0x000000008cc00000, 0x000000008cc00000|
|  77|0x000000008cd00000, 0x000000008cd00000, 0x000000008ce00000|  0%| F|  |TS  0|AC  0|TAMS 0x000000008cd00000, 0x000000008cd00000|
|  78|0x000000008ce00000, 0x000000008ce00000, 0x000000008cf00000|  0%| F|  |TS  0|AC  0|TAMS 0x000000008ce00000, 0x000000008ce00000|
|  79|0x000000008cf00000, 0x000000008cf00000, 0x000000008d000000|  0%| F|  |TS  0|AC  0|TAMS 0x000000008cf00000, 0x000000008cf00000|
|  80|0x000000008d000000, 0x000000008d000000, 0x000000008d100000|  0%| F|  |TS  0|AC  0|TAMS 0x000000008d000000, 0x000000008d000000|
|  81|0x000000008d100000, 0x000000008d100000, 0x000000008d200000|  0%| F|  |TS  0|AC  0|TAMS 0x000000008d100000, 0x000000008d100000|
|  82|0x000000008d200000, 0x000000008d200000, 0x000000008d300000|  0%| F|  |TS  0|AC  0|TAMS 0x000000008d200000, 0x000000008d200000|
|  83|0x000000008d300000, 0x000000008d300000, 0x000000008d400000|  0%| F|  |TS  0|AC  0|TAMS 0x000000008d300000, 0x000000008d300000|
|  84|0x000000008d400000, 0x000000008d400000, 0x000000008d500000|  0%| F|  |TS  0|AC  0|TAMS 0x000000008d400000, 0x000000008d400000|
|  85|0x000000008d500000, 0x000000008d500000, 0x000000008d600000|  0%| F|  |TS  0|AC  0|TAMS 0x000000008d500000, 0x000000008d500000|
|  86|0x000000008d600000, 0x000000008d600000, 0x000000008d700000|  0%| F|  |TS  0|AC  0|TAMS 0x000000008d600000, 0x000000008d600000|
|  87|0x000000008d700000, 0x000000008d700000, 0x000000008d800000|  0%| F|  |TS  0|AC  0|TAMS 0x000000008d700000, 0x000000008d700000|
|  88|0x000000008d800000, 0x000000008d800000, 0x000000008d900000|  0%| F|  |TS  0|AC  0|TAMS 0x000000008d800000, 0x000000008d800000|
|  89|0x000000008d900000, 0x000000008d900000, 0x000000008da00000|  0%| F|  |TS  0|AC  0|TAMS 0x000000008d900000, 0x000000008d900000|
|  90|0x000000008da00000, 0x000000008da00000, 0x000000008db00000|  0%| F|  |TS  0|AC  0|TAMS 0x000000008da00000, 0x000000008da00000|
|  91|0x000000008db00000, 0x000000008db00000, 0x000000008dc00000|  0%| F|  |TS  0|AC  0|TAMS 0x000000008db00000, 0x000000008db00000|
|  92|0x000000008dc00000, 0x000000008dc00000, 0x000000008dd00000|  0%| F|  |TS  0|AC  0|TAMS 0x000000008dc00000, 0x000000008dc00000|
|  93|0x000000008dd00000, 0x000000008dd00000, 0x000000008de00000|  0%| F|  |TS  0|AC  0|TAMS 0x000000008dd00000, 0x000000008dd00000|
|  94|0x000000008de00000, 0x000000008de00000, 0x000000008df00000|  0%| F|  |TS  0|AC  0|TAMS 0x000000008de00000, 0x000000008de00000|
|  95|0x000000008df00000, 0x000000008df00000, 0x000000008e000000|  0%| F|  |TS  0|AC  0|TAMS 0x000000008df00000, 0x000000008df00000|
|  96|0x000000008e000000, 0x000000008e000000, 0x000000008e100000|  0%| F|  |TS  0|AC  0|TAMS 0x000000008e000000, 0x000000008e000000|
|  97|0x000000008e100000, 0x000000008e100000, 0x000000008e200000|  0%| F|  |TS  0|AC  0|TAMS 0x000000008e100000, 0x000000008e100000|
|  98|0x000000008e200000, 0x000000008e200000, 0x000000008e300000|  0%| F|  |TS  0|AC  0|TAMS 0x000000008e200000, 0x000000008e200000|
|  99|0x000000008e300000, 0x000000008e300000, 0x000000008e400000|  0%| F|  |TS  0|AC  0|TAMS 0x000000008e300000, 0x000000008e300000|
| 100|0x000000008e400000, 0x000000008e400000, 0x000000008e500000|  0%| F|  |TS  0|AC  0|TAMS 0x000000008e400000, 0x000000008e400000|
| 101|0x000000008e500000, 0x000000008e500000, 0x000000008e600000|  0%| F|  |TS  0|AC  0|TAMS 0x000000008e500000, 0x000000008e500000|
| 102|0x000000008e600000, 0x000000008e600000, 0x000000008e700000|  0%| F|  |TS  0|AC  0|TAMS 0x000000008e600000, 0x000000008e600000|
| 103|0x000000008e700000, 0x000000008e700000, 0x000000008e800000|  0%| F|  |TS  0|AC  0|TAMS 0x000000008e700000, 0x000000008e700000|
| 104|0x000000008e800000, 0x000000008e800000, 0x000000008e900000|  0%| F|  |TS  0|AC  0|TAMS 0x000000008e800000, 0x000000008e800000|
| 105|0x000000008e900000, 0x000000008e900000, 0x000000008ea00000|  0%| F|  |TS  0|AC  0|TAMS 0x000000008e900000, 0x000000008e900000|
| 106|0x000000008ea00000, 0x000000008ea00000, 0x000000008eb00000|  0%| F|  |TS  0|AC  0|TAMS 0x000000008ea00000, 0x000000008ea00000|
| 107|0x000000008eb00000, 0x000000008eb00000, 0x000000008ec00000|  0%| F|  |TS  0|AC  0|TAMS 0x000000008eb00000, 0x000000008eb00000|
| 108|0x000000008ec00000, 0x000000008ec00000, 0x000000008ed00000|  0%| F|  |TS  0|AC  0|TAMS 0x000000008ec00000, 0x000000008ec00000|
| 109|0x000000008ed00000, 0x000000008ed00000, 0x000000008ee00000|  0%| F|  |TS  0|AC  0|TAMS 0x000000008ed00000, 0x000000008ed00000|
| 110|0x000000008ee00000, 0x000000008ee00000, 0x000000008ef00000|  0%| F|  |TS  0|AC  0|TAMS 0x000000008ee00000, 0x000000008ee00000|
| 111|0x000000008ef00000, 0x000000008ef00000, 0x000000008f000000|  0%| F|  |TS  0|AC  0|TAMS 0x000000008ef00000, 0x000000008ef00000|
| 112|0x000000008f000000, 0x000000008f000000, 0x000000008f100000|  0%| F|  |TS  0|AC  0|TAMS 0x000000008f000000, 0x000000008f000000|
| 113|0x000000008f100000, 0x000000008f1d7960, 0x000000008f200000| 84%| E|  |TS  0|AC  0|TAMS 0x000000008f100000, 0x000000008f100000|
| 114|0x000000008f200000, 0x000000008f300000, 0x000000008f300000|100%| E|CS|TS  0|AC  0|TAMS 0x000000008f200000, 0x000000008f200000|
| 115|0x000000008f300000, 0x000000008f400000, 0x000000008f400000|100%| E|CS|TS  0|AC  0|TAMS 0x000000008f300000, 0x000000008f300000|
| 116|0x000000008f400000, 0x000000008f500000, 0x000000008f500000|100%| E|CS|TS  0|AC  0|TAMS 0x000000008f400000, 0x000000008f400000|
| 117|0x000000008f500000, 0x000000008f600000, 0x000000008f600000|100%| E|CS|TS  0|AC  0|TAMS 0x000000008f500000, 0x000000008f500000|
| 118|0x000000008f600000, 0x000000008f700000, 0x000000008f700000|100%| E|CS|TS  0|AC  0|TAMS 0x000000008f600000, 0x000000008f600000|
| 119|0x000000008f700000, 0x000000008f800000, 0x000000008f800000|100%| E|CS|TS  0|AC  0|TAMS 0x000000008f700000, 0x000000008f700000|

Card table byte_map: [0x00007ff3a5042000,0x00007ff3a5402000] byte_map_base: 0x00007ff3a4c02000

Marking Bits (Prev, Next): (CMBitMap*) 0x00007ff3c005a180, (CMBitMap*) 0x00007ff3c005a1b8
 Prev Bits: [0x00007ff37e200000, 0x00007ff380000000)
 Next Bits: [0x00007ff37c400000, 0x00007ff37e200000)

Polling page: 0x00007ff3c6e45000

CodeHeap 'non-profiled nmethods': size=120032Kb used=127Kb max_used=127Kb free=119904Kb
 bounds [0x00007ff3ae442000, 0x00007ff3ae6b2000, 0x00007ff3b597a000]
CodeHeap 'profiled nmethods': size=120032Kb used=619Kb max_used=619Kb free=119413Kb
 bounds [0x00007ff3a6f0a000, 0x00007ff3a717a000, 0x00007ff3ae442000]
CodeHeap 'non-nmethods': size=5696Kb used=1171Kb max_used=1192Kb free=4524Kb
 bounds [0x00007ff3a697a000, 0x00007ff3a6bea000, 0x00007ff3a6f0a000]
 total_blobs=778 nmethods=363 adapters=238
 compilation: enabled

Compilation events (10 events):
Event: 0.285 Thread 0x00007ff3c015d800  350       3       java.util.ArrayList::<init> (12 bytes)
Event: 0.285 Thread 0x00007ff3c015d800 nmethod 350 0x00007ff3a6fa3090 code [0x00007ff3a6fa3260, 0x00007ff3a6fa3550]
Event: 0.285 Thread 0x00007ff3c015d800  353       3       java.util.ArrayList$Itr::hasNext (20 bytes)
Event: 0.286 Thread 0x00007ff3c015d800 nmethod 353 0x00007ff3a6fa3690 code [0x00007ff3a6fa3840, 0x00007ff3a6fa3a10]
Event: 0.286 Thread 0x00007ff3c015d800  352       3       java.util.ArrayList::iterator (9 bytes)
Event: 0.286 Thread 0x00007ff3c015d800 nmethod 352 0x00007ff3a6fa3b10 code [0x00007ff3a6fa3cc0, 0x00007ff3a6fa3f90]
Event: 0.286 Thread 0x00007ff3c015d800  351       3       java.util.Locale::equals (75 bytes)
Event: 0.286 Thread 0x00007ff3c015d800 nmethod 351 0x00007ff3a6fa4090 code [0x00007ff3a6fa42a0, 0x00007ff3a6fa4a58]
Event: 0.286 Thread 0x00007ff3c015d800  355       1       database.Movie::setRating (6 bytes)
Event: 0.286 Thread 0x00007ff3c015d800 nmethod 355 0x00007ff3ae461a10 code [0x00007ff3ae461bc0, 0x00007ff3ae461cd0]

GC Heap History (0 events):
No events

Deoptimization events (1 events):
Event: 0.189 Thread 0x00007ff3c0013000 Uncommon trap: reason=unstable_if action=reinterpret pc=0x00007ff3ae44ed9c method=java.lang.String.charAt(I)C @ 4 c2

Classes redefined (3 events):
Event: 306.176 Thread 0x00007ff3c012a800 redefined class name=database.MovieDatabase, count=1
Event: 332.596 Thread 0x00007ff3c012a800 redefined class name=database.MovieDatabase, count=2
Event: 409.884 Thread 0x00007ff3c012a800 redefined class name=database.MovieDatabase, count=3

Internal exceptions (3 events):
Event: 0.169 Thread 0x00007ff3c0013000 Exception <a 'java/lang/NoSuchMethodError'{0x000000008f6c0a30}: java.lang.Object.lambda$negate$3(I)Z> (0x000000008f6c0a30) thrown at [/build/openjdk-9-xkOtCi/openjdk-9-9~b181/src/hotspot/src/share/vm/interpreter/linkResolver.cpp, line 731]
Event: 0.171 Thread 0x00007ff3c0013000 Exception <a 'java/lang/NoSuchMethodError'{0x000000008f6c3e88}: java.lang.Object.lambda$and$0(Ljava/util/regex/Pattern$CharPredicate;I)Z> (0x000000008f6c3e88) thrown at [/build/openjdk-9-xkOtCi/openjdk-9-9~b181/src/hotspot/src/share/vm/interpreter/linkRes
Event: 0.194 Thread 0x00007ff3c0013000 Exception <a 'java/lang/NoSuchMethodError'{0x000000008f51df10}: java.lang.Object.lambda$union$2(Ljava/util/regex/Pattern$CharPredicate;I)Z> (0x000000008f51df10) thrown at [/build/openjdk-9-xkOtCi/openjdk-9-9~b181/src/hotspot/src/share/vm/interpreter/linkR

Events (10 events):
Event: 412.943 Executing VM operation: GetFrameLocation
Event: 412.943 Executing VM operation: GetFrameLocation done
Event: 412.943 Executing VM operation: EnterInterpOnlyMode
Event: 412.943 Executing VM operation: EnterInterpOnlyMode done
Event: 412.944 Executing VM operation: GetCurrentLocation
Event: 412.944 Executing VM operation: GetCurrentLocation done
Event: 412.944 Executing VM operation: ChangeSingleStep
Event: 412.944 Executing VM operation: ChangeSingleStep done
Event: 412.945 Executing VM operation: GetFrameLocation
Event: 412.945 Executing VM operation: GetFrameLocation done


Dynamic libraries:
88000000-8f800000 rw-p 00000000 00:00 0 
8f800000-100000000 ---p 00000000 00:00 0 
100000000-1000a0000 rw-p 00000000 00:00 0 
1000a0000-140000000 ---p 00000000 00:00 0 
5573b8bc5000-5573b8bc6000 r-xp 00000000 08:05 3162564                    /usr/lib/jvm/java-9-openjdk-amd64/bin/java
5573b8dc6000-5573b8dc7000 r--p 00001000 08:05 3162564                    /usr/lib/jvm/java-9-openjdk-amd64/bin/java
5573b8dc7000-5573b8dc8000 rw-p 00002000 08:05 3162564                    /usr/lib/jvm/java-9-openjdk-amd64/bin/java
5573ba5e8000-5573ba609000 rw-p 00000000 00:00 0                          [heap]
7ff334000000-7ff334021000 rw-p 00000000 00:00 0 
7ff334021000-7ff338000000 ---p 00000000 00:00 0 
7ff33c000000-7ff33c021000 rw-p 00000000 00:00 0 
7ff33c021000-7ff340000000 ---p 00000000 00:00 0 
7ff340000000-7ff340021000 rw-p 00000000 00:00 0 
7ff340021000-7ff344000000 ---p 00000000 00:00 0 
7ff344000000-7ff344021000 rw-p 00000000 00:00 0 
7ff344021000-7ff348000000 ---p 00000000 00:00 0 
7ff348000000-7ff348021000 rw-p 00000000 00:00 0 
7ff348021000-7ff34c000000 ---p 00000000 00:00 0 
7ff34c000000-7ff34c021000 rw-p 00000000 00:00 0 
7ff34c021000-7ff350000000 ---p 00000000 00:00 0 
7ff350000000-7ff350021000 rw-p 00000000 00:00 0 
7ff350021000-7ff354000000 ---p 00000000 00:00 0 
7ff354000000-7ff35435c000 rw-p 00000000 00:00 0 
7ff35435c000-7ff358000000 ---p 00000000 00:00 0 
7ff358000000-7ff35831a000 rw-p 00000000 00:00 0 
7ff35831a000-7ff35c000000 ---p 00000000 00:00 0 
7ff35c000000-7ff35c021000 rw-p 00000000 00:00 0 
7ff35c021000-7ff360000000 ---p 00000000 00:00 0 
7ff360000000-7ff360465000 rw-p 00000000 00:00 0 
7ff360465000-7ff364000000 ---p 00000000 00:00 0 
7ff364000000-7ff364021000 rw-p 00000000 00:00 0 
7ff364021000-7ff368000000 ---p 00000000 00:00 0 
7ff368000000-7ff368021000 rw-p 00000000 00:00 0 
7ff368021000-7ff36c000000 ---p 00000000 00:00 0 
7ff36c000000-7ff36c021000 rw-p 00000000 00:00 0 
7ff36c021000-7ff370000000 ---p 00000000 00:00 0 
7ff370000000-7ff370021000 rw-p 00000000 00:00 0 
7ff370021000-7ff374000000 ---p 00000000 00:00 0 
7ff3749c9000-7ff3749ca000 ---p 00000000 00:00 0 
7ff3749ca000-7ff374aca000 rw-p 00000000 00:00 0 
7ff374aca000-7ff374ace000 ---p 00000000 00:00 0 
7ff374ace000-7ff374bcb000 rw-p 00000000 00:00 0 
7ff374bcb000-7ff374bcf000 ---p 00000000 00:00 0 
7ff374bcf000-7ff374ccc000 rw-p 00000000 00:00 0 
7ff374ccc000-7ff374cd0000 ---p 00000000 00:00 0 
7ff374cd0000-7ff374dcd000 rw-p 00000000 00:00 0 
7ff374dcd000-7ff374dd1000 ---p 00000000 00:00 0 
7ff374dd1000-7ff374ece000 rw-p 00000000 00:00 0 
7ff374ece000-7ff374ed2000 r-xp 00000000 08:05 3162784                    /usr/lib/jvm/java-9-openjdk-amd64/lib/libdt_socket.so
7ff374ed2000-7ff3750d1000 ---p 00004000 08:05 3162784                    /usr/lib/jvm/java-9-openjdk-amd64/lib/libdt_socket.so
7ff3750d1000-7ff3750d2000 r--p 00003000 08:05 3162784                    /usr/lib/jvm/java-9-openjdk-amd64/lib/libdt_socket.so
7ff3750d2000-7ff3750d3000 rw-p 00004000 08:05 3162784                    /usr/lib/jvm/java-9-openjdk-amd64/lib/libdt_socket.so
7ff3750d3000-7ff3750d7000 ---p 00000000 00:00 0 
7ff3750d7000-7ff3751d4000 rw-p 00000000 00:00 0 
7ff3751d4000-7ff3751eb000 r-xp 00000000 08:05 3162804                    /usr/lib/jvm/java-9-openjdk-amd64/lib/libnet.so
7ff3751eb000-7ff3753ea000 ---p 00017000 08:05 3162804                    /usr/lib/jvm/java-9-openjdk-amd64/lib/libnet.so
7ff3753ea000-7ff3753eb000 r--p 00016000 08:05 3162804                    /usr/lib/jvm/java-9-openjdk-amd64/lib/libnet.so
7ff3753eb000-7ff3753ec000 rw-p 00017000 08:05 3162804                    /usr/lib/jvm/java-9-openjdk-amd64/lib/libnet.so
7ff3753ec000-7ff3753fd000 r-xp 00000000 08:05 3162805                    /usr/lib/jvm/java-9-openjdk-amd64/lib/libnio.so
7ff3753fd000-7ff3755fc000 ---p 00011000 08:05 3162805                    /usr/lib/jvm/java-9-openjdk-amd64/lib/libnio.so
7ff3755fc000-7ff3755fd000 r--p 00010000 08:05 3162805                    /usr/lib/jvm/java-9-openjdk-amd64/lib/libnio.so
7ff3755fd000-7ff3755fe000 rw-p 00011000 08:05 3162805                    /usr/lib/jvm/java-9-openjdk-amd64/lib/libnio.so
7ff3755fe000-7ff375602000 ---p 00000000 00:00 0 
7ff375602000-7ff3756ff000 rw-p 00000000 00:00 0 
7ff3756ff000-7ff375703000 ---p 00000000 00:00 0 
7ff375703000-7ff375e00000 rw-p 00000000 00:00 0 
7ff375e00000-7ff376000000 ---p 00000000 00:00 0 
7ff376000000-7ff378000000 rwxp 00000000 00:00 0 
7ff378000000-7ff378021000 rw-p 00000000 00:00 0 
7ff378021000-7ff37c000000 ---p 00000000 00:00 0 
7ff37c022000-7ff37c026000 ---p 00000000 00:00 0 
7ff37c026000-7ff37c123000 rw-p 00000000 00:00 0 
7ff37c123000-7ff37c400000 r--p 00000000 08:05 3148343                    /usr/lib/locale/locale-archive
7ff37c400000-7ff37c5e0000 rw-p 00000000 00:00 0 
7ff37c5e0000-7ff37e200000 ---p 00000000 00:00 0 
7ff37e200000-7ff37e3e0000 rw-p 00000000 00:00 0 
7ff37e3e0000-7ff380000000 ---p 00000000 00:00 0 
7ff380000000-7ff380021000 rw-p 00000000 00:00 0 
7ff380021000-7ff384000000 ---p 00000000 00:00 0 
7ff384000000-7ff384021000 rw-p 00000000 00:00 0 
7ff384021000-7ff388000000 ---p 00000000 00:00 0 
7ff388000000-7ff388021000 rw-p 00000000 00:00 0 
7ff388021000-7ff38c000000 ---p 00000000 00:00 0 
7ff38c000000-7ff38c021000 rw-p 00000000 00:00 0 
7ff38c021000-7ff390000000 ---p 00000000 00:00 0 
7ff390000000-7ff390021000 rw-p 00000000 00:00 0 
7ff390021000-7ff394000000 ---p 00000000 00:00 0 
7ff394000000-7ff394021000 rw-p 00000000 00:00 0 
7ff394021000-7ff398000000 ---p 00000000 00:00 0 
7ff398000000-7ff398021000 rw-p 00000000 00:00 0 
7ff398021000-7ff39c000000 ---p 00000000 00:00 0 
7ff39c000000-7ff39c021000 rw-p 00000000 00:00 0 
7ff39c021000-7ff3a0000000 ---p 00000000 00:00 0 
7ff3a0000000-7ff3a0021000 rw-p 00000000 00:00 0 
7ff3a0021000-7ff3a4000000 ---p 00000000 00:00 0 
7ff3a404d000-7ff3a407e000 rw-p 00000000 00:00 0 
7ff3a407e000-7ff3a4082000 ---p 00000000 00:00 0 
7ff3a4082000-7ff3a417f000 rw-p 00000000 00:00 0 
7ff3a417f000-7ff3a4183000 ---p 00000000 00:00 0 
7ff3a4183000-7ff3a4280000 rw-p 00000000 00:00 0 
7ff3a4280000-7ff3a4284000 ---p 00000000 00:00 0 
7ff3a4284000-7ff3a4381000 rw-p 00000000 00:00 0 
7ff3a4381000-7ff3a4385000 ---p 00000000 00:00 0 
7ff3a4385000-7ff3a4482000 rw-p 00000000 00:00 0 
7ff3a4482000-7ff3a4483000 ---p 00000000 00:00 0 
7ff3a4483000-7ff3a4a80000 rw-p 00000000 00:00 0 
7ff3a4a80000-7ff3a4a81000 ---p 00000000 00:00 0 
7ff3a4a81000-7ff3a4b81000 rw-p 00000000 00:00 0 
7ff3a4b81000-7ff3a4b82000 ---p 00000000 00:00 0 
7ff3a4b82000-7ff3a4cbe000 rw-p 00000000 00:00 0 
7ff3a4cbe000-7ff3a5042000 ---p 00000000 00:00 0 
7ff3a5042000-7ff3a507e000 rw-p 00000000 00:00 0 
7ff3a507e000-7ff3a57c2000 ---p 00000000 00:00 0 
7ff3a57c2000-7ff3a57fe000 rw-p 00000000 00:00 0 
7ff3a57fe000-7ff3a5b82000 ---p 00000000 00:00 0 
7ff3a5b82000-7ff3a5b83000 ---p 00000000 00:00 0 
7ff3a5b83000-7ff3a5c83000 rw-p 00000000 00:00 0 
7ff3a5c83000-7ff3a5c84000 ---p 00000000 00:00 0 
7ff3a5c84000-7ff3a5d84000 rw-p 00000000 00:00 0 
7ff3a5d84000-7ff3a5d85000 ---p 00000000 00:00 0 
7ff3a5d85000-7ff3a5e85000 rw-p 00000000 00:00 0 
7ff3a5e85000-7ff3a5e86000 ---p 00000000 00:00 0 
7ff3a5e86000-7ff3a5f86000 rw-p 00000000 00:00 0 
7ff3a5f86000-7ff3a5f87000 ---p 00000000 00:00 0 
7ff3a5f87000-7ff3a648b000 rw-p 00000000 00:00 0 
7ff3a648b000-7ff3a648c000 ---p 00000000 00:00 0 
7ff3a648c000-7ff3a658c000 rw-p 00000000 00:00 0 
7ff3a658c000-7ff3a658d000 ---p 00000000 00:00 0 
7ff3a658d000-7ff3a668d000 rw-p 00000000 00:00 0 
7ff3a668d000-7ff3a668e000 ---p 00000000 00:00 0 
7ff3a668e000-7ff3a678e000 rw-p 00000000 00:00 0 
7ff3a678e000-7ff3a678f000 ---p 00000000 00:00 0 
7ff3a678f000-7ff3a6894000 rw-p 00000000 00:00 0 
7ff3a6894000-7ff3a697a000 ---p 00000000 00:00 0 
7ff3a697a000-7ff3a6bea000 rwxp 00000000 00:00 0 
7ff3a6bea000-7ff3a6f0a000 ---p 00000000 00:00 0 
7ff3a6f0a000-7ff3a717a000 rwxp 00000000 00:00 0 
7ff3a717a000-7ff3ae442000 ---p 00000000 00:00 0 
7ff3ae442000-7ff3ae6b2000 rwxp 00000000 00:00 0 
7ff3ae6b2000-7ff3b597a000 ---p 00000000 00:00 0 
7ff3b597a000-7ff3bef45000 r--s 00000000 08:05 3162814                    /usr/lib/jvm/java-9-openjdk-amd64/lib/modules
7ff3bef45000-7ff3bef4a000 r-xp 00000000 08:05 3162796                    /usr/lib/jvm/java-9-openjdk-amd64/lib/libjimage.so
7ff3bef4a000-7ff3bf149000 ---p 00005000 08:05 3162796                    /usr/lib/jvm/java-9-openjdk-amd64/lib/libjimage.so
7ff3bf149000-7ff3bf14a000 r--p 00004000 08:05 3162796                    /usr/lib/jvm/java-9-openjdk-amd64/lib/libjimage.so
7ff3bf14a000-7ff3bf14b000 rw-p 00005000 08:05 3162796                    /usr/lib/jvm/java-9-openjdk-amd64/lib/libjimage.so
7ff3bf14b000-7ff3bf152000 r-xp 00000000 08:05 3162813                    /usr/lib/jvm/java-9-openjdk-amd64/lib/libzip.so
7ff3bf152000-7ff3bf351000 ---p 00007000 08:05 3162813                    /usr/lib/jvm/java-9-openjdk-amd64/lib/libzip.so
7ff3bf351000-7ff3bf352000 r--p 00006000 08:05 3162813                    /usr/lib/jvm/java-9-openjdk-amd64/lib/libzip.so
7ff3bf352000-7ff3bf353000 rw-p 00007000 08:05 3162813                    /usr/lib/jvm/java-9-openjdk-amd64/lib/libzip.so
7ff3bf353000-7ff3bf35e000 r-xp 00000000 08:05 1704029                    /lib/x86_64-linux-gnu/libnss_files-2.26.so
7ff3bf35e000-7ff3bf55d000 ---p 0000b000 08:05 1704029                    /lib/x86_64-linux-gnu/libnss_files-2.26.so
7ff3bf55d000-7ff3bf55e000 r--p 0000a000 08:05 1704029                    /lib/x86_64-linux-gnu/libnss_files-2.26.so
7ff3bf55e000-7ff3bf55f000 rw-p 0000b000 08:05 1704029                    /lib/x86_64-linux-gnu/libnss_files-2.26.so
7ff3bf55f000-7ff3bf565000 rw-p 00000000 00:00 0 
7ff3bf565000-7ff3bf570000 r-xp 00000000 08:05 1704031                    /lib/x86_64-linux-gnu/libnss_nis-2.26.so
7ff3bf570000-7ff3bf76f000 ---p 0000b000 08:05 1704031                    /lib/x86_64-linux-gnu/libnss_nis-2.26.so
7ff3bf76f000-7ff3bf770000 r--p 0000a000 08:05 1704031                    /lib/x86_64-linux-gnu/libnss_nis-2.26.so
7ff3bf770000-7ff3bf771000 rw-p 0000b000 08:05 1704031                    /lib/x86_64-linux-gnu/libnss_nis-2.26.so
7ff3bf771000-7ff3bf788000 r-xp 00000000 08:05 1704026                    /lib/x86_64-linux-gnu/libnsl-2.26.so
7ff3bf788000-7ff3bf987000 ---p 00017000 08:05 1704026                    /lib/x86_64-linux-gnu/libnsl-2.26.so
7ff3bf987000-7ff3bf988000 r--p 00016000 08:05 1704026                    /lib/x86_64-linux-gnu/libnsl-2.26.so
7ff3bf988000-7ff3bf989000 rw-p 00017000 08:05 1704026                    /lib/x86_64-linux-gnu/libnsl-2.26.so
7ff3bf989000-7ff3bf98b000 rw-p 00000000 00:00 0 
7ff3bf98b000-7ff3bf993000 r-xp 00000000 08:05 1704027                    /lib/x86_64-linux-gnu/libnss_compat-2.26.so
7ff3bf993000-7ff3bfb92000 ---p 00008000 08:05 1704027                    /lib/x86_64-linux-gnu/libnss_compat-2.26.so
7ff3bfb92000-7ff3bfb93000 r--p 00007000 08:05 1704027                    /lib/x86_64-linux-gnu/libnss_compat-2.26.so
7ff3bfb93000-7ff3bfb94000 rw-p 00008000 08:05 1704027                    /lib/x86_64-linux-gnu/libnss_compat-2.26.so
7ff3bfb94000-7ff3bfbd0000 r-xp 00000000 08:05 3162794                    /usr/lib/jvm/java-9-openjdk-amd64/lib/libjdwp.so
7ff3bfbd0000-7ff3bfdd0000 ---p 0003c000 08:05 3162794                    /usr/lib/jvm/java-9-openjdk-amd64/lib/libjdwp.so
7ff3bfdd0000-7ff3bfdd1000 r--p 0003c000 08:05 3162794                    /usr/lib/jvm/java-9-openjdk-amd64/lib/libjdwp.so
7ff3bfdd1000-7ff3bfdd2000 rw-p 0003d000 08:05 3162794                    /usr/lib/jvm/java-9-openjdk-amd64/lib/libjdwp.so
7ff3bfdd2000-7ff3bfdfe000 r-xp 00000000 08:05 3162791                    /usr/lib/jvm/java-9-openjdk-amd64/lib/libjava.so
7ff3bfdfe000-7ff3bfffd000 ---p 0002c000 08:05 3162791                    /usr/lib/jvm/java-9-openjdk-amd64/lib/libjava.so
7ff3bfffd000-7ff3bfffe000 r--p 0002b000 08:05 3162791                    /usr/lib/jvm/java-9-openjdk-amd64/lib/libjava.so
7ff3bfffe000-7ff3c0000000 rw-p 0002c000 08:05 3162791                    /usr/lib/jvm/java-9-openjdk-amd64/lib/libjava.so
7ff3c0000000-7ff3c0262000 rw-p 00000000 00:00 0 
7ff3c0262000-7ff3c4000000 ---p 00000000 00:00 0 
7ff3c400f000-7ff3c4014000 rw-p 00000000 00:00 0 
7ff3c4014000-7ff3c40fa000 ---p 00000000 00:00 0 
7ff3c40fa000-7ff3c4107000 r-xp 00000000 08:05 3162812                    /usr/lib/jvm/java-9-openjdk-amd64/lib/libverify.so
7ff3c4107000-7ff3c4306000 ---p 0000d000 08:05 3162812                    /usr/lib/jvm/java-9-openjdk-amd64/lib/libverify.so
7ff3c4306000-7ff3c4308000 r--p 0000c000 08:05 3162812                    /usr/lib/jvm/java-9-openjdk-amd64/lib/libverify.so
7ff3c4308000-7ff3c4309000 rw-p 0000e000 08:05 3162812                    /usr/lib/jvm/java-9-openjdk-amd64/lib/libverify.so
7ff3c4309000-7ff3c4310000 r-xp 00000000 08:05 1708984                    /lib/x86_64-linux-gnu/librt-2.26.so
7ff3c4310000-7ff3c450f000 ---p 00007000 08:05 1708984                    /lib/x86_64-linux-gnu/librt-2.26.so
7ff3c450f000-7ff3c4510000 r--p 00006000 08:05 1708984                    /lib/x86_64-linux-gnu/librt-2.26.so
7ff3c4510000-7ff3c4511000 rw-p 00007000 08:05 1708984                    /lib/x86_64-linux-gnu/librt-2.26.so
7ff3c4511000-7ff3c4527000 r-xp 00000000 08:05 1709343                    /lib/x86_64-linux-gnu/libgcc_s.so.1
7ff3c4527000-7ff3c4726000 ---p 00016000 08:05 1709343                    /lib/x86_64-linux-gnu/libgcc_s.so.1
7ff3c4726000-7ff3c4727000 r--p 00015000 08:05 1709343                    /lib/x86_64-linux-gnu/libgcc_s.so.1
7ff3c4727000-7ff3c4728000 rw-p 00016000 08:05 1709343                    /lib/x86_64-linux-gnu/libgcc_s.so.1
7ff3c4728000-7ff3c487d000 r-xp 00000000 08:05 1704023                    /lib/x86_64-linux-gnu/libm-2.26.so
7ff3c487d000-7ff3c4a7c000 ---p 00155000 08:05 1704023                    /lib/x86_64-linux-gnu/libm-2.26.so
7ff3c4a7c000-7ff3c4a7d000 r--p 00154000 08:05 1704023                    /lib/x86_64-linux-gnu/libm-2.26.so
7ff3c4a7d000-7ff3c4a7e000 rw-p 00155000 08:05 1704023                    /lib/x86_64-linux-gnu/libm-2.26.so
7ff3c4a7e000-7ff3c4bf6000 r-xp 00000000 08:05 3156232                    /usr/lib/x86_64-linux-gnu/libstdc++.so.6.0.24
7ff3c4bf6000-7ff3c4df5000 ---p 00178000 08:05 3156232                    /usr/lib/x86_64-linux-gnu/libstdc++.so.6.0.24
7ff3c4df5000-7ff3c4dff000 r--p 00177000 08:05 3156232                    /usr/lib/x86_64-linux-gnu/libstdc++.so.6.0.24
7ff3c4dff000-7ff3c4e01000 rw-p 00181000 08:05 3156232                    /usr/lib/x86_64-linux-gnu/libstdc++.so.6.0.24
7ff3c4e01000-7ff3c4e04000 rw-p 00000000 00:00 0 
7ff3c4e04000-7ff3c5cbc000 r-xp 00000000 08:05 3162819                    /usr/lib/jvm/java-9-openjdk-amd64/lib/server/libjvm.so
7ff3c5cbc000-7ff3c5ebc000 ---p 00eb8000 08:05 3162819                    /usr/lib/jvm/java-9-openjdk-amd64/lib/server/libjvm.so
7ff3c5ebc000-7ff3c5f73000 r--p 00eb8000 08:05 3162819                    /usr/lib/jvm/java-9-openjdk-amd64/lib/server/libjvm.so
7ff3c5f73000-7ff3c5fa8000 rw-p 00f6f000 08:05 3162819                    /usr/lib/jvm/java-9-openjdk-amd64/lib/server/libjvm.so
7ff3c5fa8000-7ff3c5ff1000 rw-p 00000000 00:00 0 
7ff3c5ff1000-7ff3c600b000 r-xp 00000000 08:05 1704034                    /lib/x86_64-linux-gnu/libpthread-2.26.so
7ff3c600b000-7ff3c620a000 ---p 0001a000 08:05 1704034                    /lib/x86_64-linux-gnu/libpthread-2.26.so
7ff3c620a000-7ff3c620b000 r--p 00019000 08:05 1704034                    /lib/x86_64-linux-gnu/libpthread-2.26.so
7ff3c620b000-7ff3c620c000 rw-p 0001a000 08:05 1704034                    /lib/x86_64-linux-gnu/libpthread-2.26.so
7ff3c620c000-7ff3c6210000 rw-p 00000000 00:00 0 
7ff3c6210000-7ff3c6213000 r-xp 00000000 08:05 1704022                    /lib/x86_64-linux-gnu/libdl-2.26.so
7ff3c6213000-7ff3c6412000 ---p 00003000 08:05 1704022                    /lib/x86_64-linux-gnu/libdl-2.26.so
7ff3c6412000-7ff3c6413000 r--p 00002000 08:05 1704022                    /lib/x86_64-linux-gnu/libdl-2.26.so
7ff3c6413000-7ff3c6414000 rw-p 00003000 08:05 1704022                    /lib/x86_64-linux-gnu/libdl-2.26.so
7ff3c6414000-7ff3c6430000 r-xp 00000000 08:05 1709484                    /lib/x86_64-linux-gnu/libz.so.1.2.11
7ff3c6430000-7ff3c662f000 ---p 0001c000 08:05 1709484                    /lib/x86_64-linux-gnu/libz.so.1.2.11
7ff3c662f000-7ff3c6630000 r--p 0001b000 08:05 1709484                    /lib/x86_64-linux-gnu/libz.so.1.2.11
7ff3c6630000-7ff3c6631000 rw-p 0001c000 08:05 1709484                    /lib/x86_64-linux-gnu/libz.so.1.2.11
7ff3c6631000-7ff3c6807000 r-xp 00000000 08:05 1704019                    /lib/x86_64-linux-gnu/libc-2.26.so
7ff3c6807000-7ff3c6a07000 ---p 001d6000 08:05 1704019                    /lib/x86_64-linux-gnu/libc-2.26.so
7ff3c6a07000-7ff3c6a0b000 r--p 001d6000 08:05 1704019                    /lib/x86_64-linux-gnu/libc-2.26.so
7ff3c6a0b000-7ff3c6a0d000 rw-p 001da000 08:05 1704019                    /lib/x86_64-linux-gnu/libc-2.26.so
7ff3c6a0d000-7ff3c6a11000 rw-p 00000000 00:00 0 
7ff3c6a11000-7ff3c6a1f000 r-xp 00000000 08:05 3162777                    /usr/lib/jvm/java-9-openjdk-amd64/lib/jli/libjli.so
7ff3c6a1f000-7ff3c6c1f000 ---p 0000e000 08:05 3162777                    /usr/lib/jvm/java-9-openjdk-amd64/lib/jli/libjli.so
7ff3c6c1f000-7ff3c6c20000 r--p 0000e000 08:05 3162777                    /usr/lib/jvm/java-9-openjdk-amd64/lib/jli/libjli.so
7ff3c6c20000-7ff3c6c21000 rw-p 0000f000 08:05 3162777                    /usr/lib/jvm/java-9-openjdk-amd64/lib/jli/libjli.so
7ff3c6c21000-7ff3c6c48000 r-xp 00000000 08:05 1703942                    /lib/x86_64-linux-gnu/ld-2.26.so
7ff3c6c68000-7ff3c6c6f000 r--s 00000000 08:05 131328                     /usr/lib/x86_64-linux-gnu/gconv/gconv-modules.cache
7ff3c6c6f000-7ff3c6d27000 rw-p 00000000 00:00 0 
7ff3c6d27000-7ff3c6d28000 ---p 00000000 00:00 0 
7ff3c6d28000-7ff3c6d2c000 ---p 00000000 00:00 0 
7ff3c6d2c000-7ff3c6e2a000 rw-p 00000000 00:00 0 
7ff3c6e2f000-7ff3c6e35000 rw-p 00000000 00:00 0 
7ff3c6e35000-7ff3c6e3c000 ---p 00000000 00:00 0 
7ff3c6e3c000-7ff3c6e44000 rw-s 00000000 08:05 940066                     /tmp/hsperfdata_mustafa/32256
7ff3c6e44000-7ff3c6e45000 rw-p 00000000 00:00 0 
7ff3c6e45000-7ff3c6e46000 r--p 00000000 00:00 0 
7ff3c6e46000-7ff3c6e48000 rw-p 00000000 00:00 0 
7ff3c6e48000-7ff3c6e49000 r--p 00027000 08:05 1703942                    /lib/x86_64-linux-gnu/ld-2.26.so
7ff3c6e49000-7ff3c6e4a000 rw-p 00028000 08:05 1703942                    /lib/x86_64-linux-gnu/ld-2.26.so
7ff3c6e4a000-7ff3c6e4b000 rw-p 00000000 00:00 0 
7ffd7300e000-7ffd7302f000 rw-p 00000000 00:00 0                          [stack]
7ffd73148000-7ffd7314b000 r--p 00000000 00:00 0                          [vvar]
7ffd7314b000-7ffd7314d000 r-xp 00000000 00:00 0                          [vdso]
ffffffffff600000-ffffffffff601000 r-xp 00000000 00:00 0                  [vsyscall]

VM Arguments:
jvm_args: -agentlib:jdwp=transport=dt_socket,suspend=y,address=localhost:35463 -Dfile.encoding=UTF-8 
java_command: database.MovieDatabase
java_class_path (initial): /media/mustafa/16262892262874C1/workspace/Movie Database/bin
Launcher Type: SUN_STANDARD

Logging:
Log output configuration:
#0: stdout all=warning uptime,level,tags
#1: stderr all=off uptime,level,tags

Environment Variables:
JAVA_HOME=/usr/local/java/jre1.8.0_73
PATH=/home/mustafa/.local/share/umake/bin:/usr/local/sbin:/usr/local/bin:/usr/sbin:/usr/bin:/sbin:/bin:/usr/games:/usr/local/games:/snap/bin:/home/mustafa/bin:/usr/local/java/jre1.8.0_73/bin
USERNAME=mustafa
SHELL=/bin/bash
DISPLAY=:0

Signal Handlers:
SIGSEGV: [libjvm.so+0xc61340], sa_mask[0]=11111111011111111101111111111110, sa_flags=SA_RESTART|SA_SIGINFO
SIGBUS: [libjvm.so+0xc61340], sa_mask[0]=11111111011111111101111111111110, sa_flags=SA_RESTART|SA_SIGINFO
SIGFPE: [libjvm.so+0xc61340], sa_mask[0]=11111111011111111101111111111110, sa_flags=SA_RESTART|SA_SIGINFO
SIGPIPE: [libjvm.so+0xa890e0], sa_mask[0]=11111111011111111101111111111110, sa_flags=SA_RESTART|SA_SIGINFO
SIGXFSZ: [libjvm.so+0xa890e0], sa_mask[0]=11111111011111111101111111111110, sa_flags=SA_RESTART|SA_SIGINFO
SIGILL: [libjvm.so+0xc61340], sa_mask[0]=11111111011111111101111111111110, sa_flags=SA_RESTART|SA_SIGINFO
SIGUSR2: [libjvm.so+0xa88fa0], sa_mask[0]=00100000000000000000000000000000, sa_flags=SA_RESTART|SA_SIGINFO
SIGHUP: [libjvm.so+0xa891a0], sa_mask[0]=11111111011111111101111111111110, sa_flags=SA_RESTART|SA_SIGINFO
SIGINT: [libjvm.so+0xa891a0], sa_mask[0]=11111111011111111101111111111110, sa_flags=SA_RESTART|SA_SIGINFO
SIGTERM: [libjvm.so+0xa891a0], sa_mask[0]=11111111011111111101111111111110, sa_flags=SA_RESTART|SA_SIGINFO
SIGQUIT: [libjvm.so+0xa891a0], sa_mask[0]=11111111011111111101111111111110, sa_flags=SA_RESTART|SA_SIGINFO


---------------  S Y S T E M  ---------------

OS:DISTRIB_ID=Ubuntu
DISTRIB_RELEASE=17.10
DISTRIB_CODENAME=artful
DISTRIB_DESCRIPTION="Ubuntu 17.10"
uname:Linux 4.13.0-32-generic #35-Ubuntu SMP Thu Jan 25 09:13:46 UTC 2018 x86_64
libc:glibc 2.26 NPTL 2.26 
rlimit: STACK 8192k, CORE 0k, NPROC 30500, NOFILE 1048576, AS infinity
load average:0.98 1.23 1.34

/proc/meminfo:
MemTotal:        7863384 kB
MemFree:          468020 kB
MemAvailable:    1993192 kB
Buffers:          268140 kB
Cached:          1434600 kB
SwapCached:         1720 kB
Active:          5470512 kB
Inactive:        1529728 kB
Active(anon):    4475224 kB
Inactive(anon):   822872 kB
Active(file):     995288 kB
Inactive(file):   706856 kB
Unevictable:          96 kB
Mlocked:              96 kB
SwapTotal:       2097148 kB
SwapFree:        2037536 kB
Dirty:               856 kB
Writeback:             0 kB
AnonPages:       5296132 kB
Mapped:           464188 kB
Shmem:            468920 kB
Slab:             171396 kB
SReclaimable:      97408 kB
SUnreclaim:        73988 kB
KernelStack:       20896 kB
PageTables:        91056 kB
NFS_Unstable:          0 kB
Bounce:                0 kB
WritebackTmp:          0 kB
CommitLimit:     6028840 kB
Committed_AS:   13944668 kB
VmallocTotal:   34359738367 kB
VmallocUsed:           0 kB
VmallocChunk:          0 kB
HardwareCorrupted:     0 kB
AnonHugePages:         0 kB
ShmemHugePages:        0 kB
ShmemPmdMapped:        0 kB
CmaTotal:              0 kB
CmaFree:               0 kB
HugePages_Total:       0
HugePages_Free:        0
HugePages_Rsvd:        0
HugePages_Surp:        0
Hugepagesize:       2048 kB
DirectMap4k:      595704 kB
DirectMap2M:     7485440 kB
DirectMap1G:     1048576 kB


CPU:total 4 (initial active 4) (2 cores per cpu, 2 threads per core) family 6 model 78 stepping 3, cmov, cx8, fxsr, mmx, sse, sse2, sse3, ssse3, sse4.1, sse4.2, popcnt, avx, avx2, aes, clmul, erms, 3dnowpref, lzcnt, ht, tsc, tscinvbit, bmi1, bmi2, adx, fma
CPU Model and flags from /proc/cpuinfo:
model name	: Intel(R) Core(TM) i7-6500U CPU @ 2.50GHz
flags		: fpu vme de pse tsc msr pae mce cx8 apic sep mtrr pge mca cmov pat pse36 clflush dts acpi mmx fxsr sse sse2 ss ht tm pbe syscall nx pdpe1gb rdtscp lm constant_tsc art arch_perfmon pebs bts rep_good nopl xtopology nonstop_tsc cpuid aperfmperf tsc_known_freq pni pclmulqdq dtes64 monitor ds_cpl vmx est tm2 ssse3 sdbg fma cx16 xtpr pdcm pcid sse4_1 sse4_2 x2apic movbe popcnt tsc_deadline_timer aes xsave avx f16c rdrand lahf_lm abm 3dnowprefetch cpuid_fault epb invpcid_single pti intel_pt tpr_shadow vnmi flexpriority ept vpid fsgsbase tsc_adjust bmi1 avx2 smep bmi2 erms invpcid mpx rdseed adx smap clflushopt xsaveopt xsavec xgetbv1 xsaves dtherm ida arat pln pts hwp hwp_notify hwp_act_window hwp_epp

Memory: 4k page, physical 7863384k(468020k free), swap 2097148k(2037536k free)

vm_info: OpenJDK 64-Bit Server VM (9-Ubuntu+0-9b181-4) for linux-amd64 JRE (9-Ubuntu+0-9b181-4), built on Aug 24 2017 17:15:14 by "buildd" with gcc 6.4.0 20170820

END.
